Analysis & Synthesis report for wrapper
Wed Sep 15 09:30:46 2021
Quartus Prime Version 20.1.1 Build 720 11/11/2020 SJ Lite Edition


---------------------
; Table of Contents ;
---------------------
  1. Legal Notice
  2. Analysis & Synthesis Summary
  3. Analysis & Synthesis Settings
  4. Parallel Compilation
  5. Analysis & Synthesis Source Files Read
  6. Analysis & Synthesis Resource Usage Summary
  7. Analysis & Synthesis Resource Utilization by Entity
  8. Analysis & Synthesis RAM Summary
  9. General Register Statistics
 10. Registers Added for RAM Pass-Through Logic
 11. Multiplexer Restructuring Statistics (Restructuring Performed)
 12. Source assignments for req_gen:i_req_gen|ptr_seq_gen:i_ptr_seq_gen|regfile:i_regfile|altsyncram:regfile_rtl_0|altsyncram_6gi1:auto_generated
 13. Parameter Settings for User Entity Instance: clk_divider:i_clk_divider
 14. Parameter Settings for Inferred Entity Instance: req_gen:i_req_gen|ptr_seq_gen:i_ptr_seq_gen|regfile:i_regfile|altsyncram:regfile_rtl_0
 15. altsyncram Parameter Settings by Entity Instance
 16. Port Connectivity Checks: "SEG7_LUT:u0"
 17. Post-Synthesis Netlist Statistics for Top Partition
 18. Elapsed Time Per Partition
 19. Analysis & Synthesis Messages



----------------
; Legal Notice ;
----------------
Copyright (C) 2020  Intel Corporation. All rights reserved.
Your use of Intel Corporation's design tools, logic functions 
and other software and tools, and any partner logic 
functions, and any output files from any of the foregoing 
(including device programming or simulation files), and any 
associated documentation or information are expressly subject 
to the terms and conditions of the Intel Program License 
Subscription Agreement, the Intel Quartus Prime License Agreement,
the Intel FPGA IP License Agreement, or other applicable license
agreement, including, without limitation, that your use is for
the sole purpose of programming logic devices manufactured by
Intel and sold by Intel or its authorized distributors.  Please
refer to the applicable agreement for further details, at
https://fpgasoftware.intel.com/eula.



+-------------------------------------------------------------------------------+
; Analysis & Synthesis Summary                                                  ;
+---------------------------------+---------------------------------------------+
; Analysis & Synthesis Status     ; Successful - Wed Sep 15 09:30:46 2021       ;
; Quartus Prime Version           ; 20.1.1 Build 720 11/11/2020 SJ Lite Edition ;
; Revision Name                   ; wrapper                                     ;
; Top-level Entity Name           ; wrapper                                     ;
; Family                          ; Cyclone V                                   ;
; Logic utilization (in ALMs)     ; N/A                                         ;
; Total registers                 ; 51                                          ;
; Total pins                      ; 149                                         ;
; Total virtual pins              ; 0                                           ;
; Total block memory bits         ; 64                                          ;
; Total DSP Blocks                ; 0                                           ;
; Total HSSI RX PCSs              ; 0                                           ;
; Total HSSI PMA RX Deserializers ; 0                                           ;
; Total HSSI TX PCSs              ; 0                                           ;
; Total HSSI PMA TX Serializers   ; 0                                           ;
; Total PLLs                      ; 0                                           ;
; Total DLLs                      ; 0                                           ;
+---------------------------------+---------------------------------------------+


+---------------------------------------------------------------------------------------------------------------------------+
; Analysis & Synthesis Settings                                                                                             ;
+---------------------------------------------------------------------------------+--------------------+--------------------+
; Option                                                                          ; Setting            ; Default Value      ;
+---------------------------------------------------------------------------------+--------------------+--------------------+
; Device                                                                          ; 5CEBA4F23C7        ;                    ;
; Top-level entity name                                                           ; wrapper            ; wrapper            ;
; Family name                                                                     ; Cyclone V          ; Cyclone V          ;
; Type of Retiming Performed During Resynthesis                                   ; Full               ;                    ;
; Resynthesis Optimization Effort                                                 ; Normal             ;                    ;
; Physical Synthesis Level for Resynthesis                                        ; Normal             ;                    ;
; Use Generated Physical Constraints File                                         ; On                 ;                    ;
; Use smart compilation                                                           ; Off                ; Off                ;
; Enable parallel Assembler and Timing Analyzer during compilation                ; On                 ; On                 ;
; Enable compact report table                                                     ; Off                ; Off                ;
; Restructure Multiplexers                                                        ; Auto               ; Auto               ;
; MLAB Add Timing Constraints For Mixed-Port Feed-Through Mode Setting Don't Care ; Off                ; Off                ;
; Create Debugging Nodes for IP Cores                                             ; Off                ; Off                ;
; Preserve fewer node names                                                       ; On                 ; On                 ;
; Intel FPGA IP Evaluation Mode                                                   ; Enable             ; Enable             ;
; Verilog Version                                                                 ; Verilog_2001       ; Verilog_2001       ;
; VHDL Version                                                                    ; VHDL_1993          ; VHDL_1993          ;
; State Machine Processing                                                        ; Auto               ; Auto               ;
; Safe State Machine                                                              ; Off                ; Off                ;
; Extract Verilog State Machines                                                  ; On                 ; On                 ;
; Extract VHDL State Machines                                                     ; On                 ; On                 ;
; Ignore Verilog initial constructs                                               ; Off                ; Off                ;
; Iteration limit for constant Verilog loops                                      ; 5000               ; 5000               ;
; Iteration limit for non-constant Verilog loops                                  ; 250                ; 250                ;
; Add Pass-Through Logic to Inferred RAMs                                         ; On                 ; On                 ;
; Infer RAMs from Raw Logic                                                       ; On                 ; On                 ;
; Parallel Synthesis                                                              ; On                 ; On                 ;
; DSP Block Balancing                                                             ; Auto               ; Auto               ;
; NOT Gate Push-Back                                                              ; On                 ; On                 ;
; Power-Up Don't Care                                                             ; On                 ; On                 ;
; Remove Redundant Logic Cells                                                    ; Off                ; Off                ;
; Remove Duplicate Registers                                                      ; On                 ; On                 ;
; Ignore CARRY Buffers                                                            ; Off                ; Off                ;
; Ignore CASCADE Buffers                                                          ; Off                ; Off                ;
; Ignore GLOBAL Buffers                                                           ; Off                ; Off                ;
; Ignore ROW GLOBAL Buffers                                                       ; Off                ; Off                ;
; Ignore LCELL Buffers                                                            ; Off                ; Off                ;
; Ignore SOFT Buffers                                                             ; On                 ; On                 ;
; Limit AHDL Integers to 32 Bits                                                  ; Off                ; Off                ;
; Optimization Technique                                                          ; Balanced           ; Balanced           ;
; Carry Chain Length                                                              ; 70                 ; 70                 ;
; Auto Carry Chains                                                               ; On                 ; On                 ;
; Auto Open-Drain Pins                                                            ; On                 ; On                 ;
; Perform WYSIWYG Primitive Resynthesis                                           ; Off                ; Off                ;
; Auto ROM Replacement                                                            ; On                 ; On                 ;
; Auto RAM Replacement                                                            ; On                 ; On                 ;
; Auto DSP Block Replacement                                                      ; On                 ; On                 ;
; Auto Shift Register Replacement                                                 ; Auto               ; Auto               ;
; Allow Shift Register Merging across Hierarchies                                 ; Auto               ; Auto               ;
; Auto Clock Enable Replacement                                                   ; On                 ; On                 ;
; Strict RAM Replacement                                                          ; Off                ; Off                ;
; Allow Synchronous Control Signals                                               ; On                 ; On                 ;
; Force Use of Synchronous Clear Signals                                          ; Off                ; Off                ;
; Auto Resource Sharing                                                           ; Off                ; Off                ;
; Allow Any RAM Size For Recognition                                              ; Off                ; Off                ;
; Allow Any ROM Size For Recognition                                              ; Off                ; Off                ;
; Allow Any Shift Register Size For Recognition                                   ; Off                ; Off                ;
; Use LogicLock Constraints during Resource Balancing                             ; On                 ; On                 ;
; Ignore translate_off and synthesis_off directives                               ; Off                ; Off                ;
; Timing-Driven Synthesis                                                         ; On                 ; On                 ;
; Report Parameter Settings                                                       ; On                 ; On                 ;
; Report Source Assignments                                                       ; On                 ; On                 ;
; Report Connectivity Checks                                                      ; On                 ; On                 ;
; Ignore Maximum Fan-Out Assignments                                              ; Off                ; Off                ;
; Synchronization Register Chain Length                                           ; 3                  ; 3                  ;
; Power Optimization During Synthesis                                             ; Normal compilation ; Normal compilation ;
; HDL message level                                                               ; Level2             ; Level2             ;
; Suppress Register Optimization Related Messages                                 ; Off                ; Off                ;
; Number of Removed Registers Reported in Synthesis Report                        ; 5000               ; 5000               ;
; Number of Swept Nodes Reported in Synthesis Report                              ; 5000               ; 5000               ;
; Number of Inverted Registers Reported in Synthesis Report                       ; 100                ; 100                ;
; Clock MUX Protection                                                            ; On                 ; On                 ;
; Auto Gated Clock Conversion                                                     ; Off                ; Off                ;
; Block Design Naming                                                             ; Auto               ; Auto               ;
; SDC constraint protection                                                       ; Off                ; Off                ;
; Synthesis Effort                                                                ; Auto               ; Auto               ;
; Shift Register Replacement - Allow Asynchronous Clear Signal                    ; On                 ; On                 ;
; Pre-Mapping Resynthesis Optimization                                            ; Off                ; Off                ;
; Analysis & Synthesis Message Level                                              ; Medium             ; Medium             ;
; Disable Register Merging Across Hierarchies                                     ; Auto               ; Auto               ;
; Resource Aware Inference For Block RAM                                          ; On                 ; On                 ;
; Automatic Parallel Synthesis                                                    ; On                 ; On                 ;
; Partial Reconfiguration Bitstream ID                                            ; Off                ; Off                ;
+---------------------------------------------------------------------------------+--------------------+--------------------+


+------------------------------------------+
; Parallel Compilation                     ;
+----------------------------+-------------+
; Processors                 ; Number      ;
+----------------------------+-------------+
; Number detected on machine ; 8           ;
; Maximum allowed            ; 4           ;
;                            ;             ;
; Average used               ; 1.00        ;
; Maximum used               ; 4           ;
;                            ;             ;
; Usage by Processor         ; % Time Used ;
;     Processor 1            ; 100.0%      ;
;     Processors 2-4         ;   0.0%      ;
+----------------------------+-------------+


+------------------------------------------------------------------------------------------------------------------------------------------------------------------------------------------+
; Analysis & Synthesis Source Files Read                                                                                                                                                   ;
+----------------------------------+-----------------+------------------------------+--------------------------------------------------------------------------------------------+---------+
; File Name with User-Entered Path ; Used in Netlist ; File Type                    ; File Name with Absolute Path                                                               ; Library ;
+----------------------------------+-----------------+------------------------------+--------------------------------------------------------------------------------------------+---------+
; ../common/wrapper.v              ; yes             ; User Verilog HDL File        ; E:/projects/circuits/chipExpo/quartus_demo/common/wrapper.v                                ;         ;
; ../common/SEG7_LUT.v             ; yes             ; User Verilog HDL File        ; E:/projects/circuits/chipExpo/quartus_demo/common/SEG7_LUT.v                               ;         ;
; ../common/clk_divider.v          ; yes             ; User Verilog HDL File        ; E:/projects/circuits/chipExpo/quartus_demo/common/clk_divider.v                            ;         ;
; V/design.sv                      ; yes             ; User SystemVerilog HDL File  ; E:/projects/circuits/chipExpo/quartus_demo/demo_step2/V/design.sv                          ;         ;
; altsyncram.tdf                   ; yes             ; Megafunction                 ; e:/program_files/intelfpga_lite/20.1/quartus/libraries/megafunctions/altsyncram.tdf        ;         ;
; stratix_ram_block.inc            ; yes             ; Megafunction                 ; e:/program_files/intelfpga_lite/20.1/quartus/libraries/megafunctions/stratix_ram_block.inc ;         ;
; lpm_mux.inc                      ; yes             ; Megafunction                 ; e:/program_files/intelfpga_lite/20.1/quartus/libraries/megafunctions/lpm_mux.inc           ;         ;
; lpm_decode.inc                   ; yes             ; Megafunction                 ; e:/program_files/intelfpga_lite/20.1/quartus/libraries/megafunctions/lpm_decode.inc        ;         ;
; aglobal201.inc                   ; yes             ; Megafunction                 ; e:/program_files/intelfpga_lite/20.1/quartus/libraries/megafunctions/aglobal201.inc        ;         ;
; a_rdenreg.inc                    ; yes             ; Megafunction                 ; e:/program_files/intelfpga_lite/20.1/quartus/libraries/megafunctions/a_rdenreg.inc         ;         ;
; altrom.inc                       ; yes             ; Megafunction                 ; e:/program_files/intelfpga_lite/20.1/quartus/libraries/megafunctions/altrom.inc            ;         ;
; altram.inc                       ; yes             ; Megafunction                 ; e:/program_files/intelfpga_lite/20.1/quartus/libraries/megafunctions/altram.inc            ;         ;
; altdpram.inc                     ; yes             ; Megafunction                 ; e:/program_files/intelfpga_lite/20.1/quartus/libraries/megafunctions/altdpram.inc          ;         ;
; db/altsyncram_6gi1.tdf           ; yes             ; Auto-Generated Megafunction  ; E:/projects/circuits/chipExpo/quartus_demo/demo_step2/db/altsyncram_6gi1.tdf               ;         ;
+----------------------------------+-----------------+------------------------------+--------------------------------------------------------------------------------------------+---------+


+---------------------------------------------------------------------------------+
; Analysis & Synthesis Resource Usage Summary                                     ;
+---------------------------------------------+-----------------------------------+
; Resource                                    ; Usage                             ;
+---------------------------------------------+-----------------------------------+
; Estimate of Logic utilization (ALMs needed) ; 43                                ;
;                                             ;                                   ;
; Combinational ALUT usage for logic          ; 72                                ;
;     -- 7 input functions                    ; 0                                 ;
;     -- 6 input functions                    ; 12                                ;
;     -- 5 input functions                    ; 9                                 ;
;     -- 4 input functions                    ; 19                                ;
;     -- <=3 input functions                  ; 32                                ;
;                                             ;                                   ;
; Dedicated logic registers                   ; 51                                ;
;                                             ;                                   ;
; I/O pins                                    ; 149                               ;
; Total MLAB memory bits                      ; 0                                 ;
; Total block memory bits                     ; 64                                ;
;                                             ;                                   ;
; Total DSP Blocks                            ; 0                                 ;
;                                             ;                                   ;
; Maximum fan-out node                        ; clk_divider:i_clk_divider|cnt[23] ;
; Maximum fan-out                             ; 33                                ;
; Total fan-out                               ; 642                               ;
; Average fan-out                             ; 1.29                              ;
+---------------------------------------------+-----------------------------------+


+----------------------------------------------------------------------------------------------------------------------------------------------------------------------------------------------------------------------------------------------------------------------------------------------------------------------------+
; Analysis & Synthesis Resource Utilization by Entity                                                                                                                                                                                                                                                                        ;
+-------------------------------------------------+---------------------+---------------------------+-------------------+------------+------+--------------+--------------------------------------------------------------------------------------------------------------------------------+-----------------+--------------+
; Compilation Hierarchy Node                      ; Combinational ALUTs ; Dedicated Logic Registers ; Block Memory Bits ; DSP Blocks ; Pins ; Virtual Pins ; Full Hierarchy Name                                                                                                            ; Entity Name     ; Library Name ;
+-------------------------------------------------+---------------------+---------------------------+-------------------+------------+------+--------------+--------------------------------------------------------------------------------------------------------------------------------+-----------------+--------------+
; |wrapper                                        ; 72 (0)              ; 51 (0)                    ; 64                ; 0          ; 149  ; 0            ; |wrapper                                                                                                                       ; wrapper         ; work         ;
;    |SEG7_LUT:u0|                                ; 7 (7)               ; 0 (0)                     ; 0                 ; 0          ; 0    ; 0            ; |wrapper|SEG7_LUT:u0                                                                                                           ; SEG7_LUT        ; work         ;
;    |clk_divider:i_clk_divider|                  ; 24 (24)             ; 24 (24)                   ; 0                 ; 0          ; 0    ; 0            ; |wrapper|clk_divider:i_clk_divider                                                                                             ; clk_divider     ; work         ;
;    |req_gen:i_req_gen|                          ; 41 (0)              ; 27 (0)                    ; 64                ; 0          ; 0    ; 0            ; |wrapper|req_gen:i_req_gen                                                                                                     ; req_gen         ; work         ;
;       |init:i_init|                             ; 10 (10)             ; 5 (5)                     ; 0                 ; 0          ; 0    ; 0            ; |wrapper|req_gen:i_req_gen|init:i_init                                                                                         ; init            ; work         ;
;       |ptr_seq_gen:i_ptr_seq_gen|               ; 22 (13)             ; 18 (5)                    ; 64                ; 0          ; 0    ; 0            ; |wrapper|req_gen:i_req_gen|ptr_seq_gen:i_ptr_seq_gen                                                                           ; ptr_seq_gen     ; work         ;
;          |regfile:i_regfile|                    ; 9 (9)               ; 13 (13)                   ; 64                ; 0          ; 0    ; 0            ; |wrapper|req_gen:i_req_gen|ptr_seq_gen:i_ptr_seq_gen|regfile:i_regfile                                                         ; regfile         ; work         ;
;             |altsyncram:regfile_rtl_0|          ; 0 (0)               ; 0 (0)                     ; 64                ; 0          ; 0    ; 0            ; |wrapper|req_gen:i_req_gen|ptr_seq_gen:i_ptr_seq_gen|regfile:i_regfile|altsyncram:regfile_rtl_0                                ; altsyncram      ; work         ;
;                |altsyncram_6gi1:auto_generated| ; 0 (0)               ; 0 (0)                     ; 64                ; 0          ; 0    ; 0            ; |wrapper|req_gen:i_req_gen|ptr_seq_gen:i_ptr_seq_gen|regfile:i_regfile|altsyncram:regfile_rtl_0|altsyncram_6gi1:auto_generated ; altsyncram_6gi1 ; work         ;
;       |start_req_gen:i_start_req_gen|           ; 9 (9)               ; 4 (4)                     ; 0                 ; 0          ; 0    ; 0            ; |wrapper|req_gen:i_req_gen|start_req_gen:i_start_req_gen                                                                       ; start_req_gen   ; work         ;
+-------------------------------------------------+---------------------+---------------------------+-------------------+------------+------+--------------+--------------------------------------------------------------------------------------------------------------------------------+-----------------+--------------+
Note: For table entries with two numbers listed, the numbers in parentheses indicate the number of resources of the given type used by the specific entity alone. The numbers listed outside of parentheses indicate the total resources of the given type used by the specific entity and all of its sub-entities in the hierarchy.


+--------------------------------------------------------------------------------------------------------------------------------------------------------------------------------------------------------------------------------------+
; Analysis & Synthesis RAM Summary                                                                                                                                                                                                     ;
+----------------------------------------------------------------------------------------------------------------------------------+------+------------------+--------------+--------------+--------------+--------------+------+------+
; Name                                                                                                                             ; Type ; Mode             ; Port A Depth ; Port A Width ; Port B Depth ; Port B Width ; Size ; MIF  ;
+----------------------------------------------------------------------------------------------------------------------------------+------+------------------+--------------+--------------+--------------+--------------+------+------+
; req_gen:i_req_gen|ptr_seq_gen:i_ptr_seq_gen|regfile:i_regfile|altsyncram:regfile_rtl_0|altsyncram_6gi1:auto_generated|ALTSYNCRAM ; AUTO ; Simple Dual Port ; 16           ; 4            ; 16           ; 4            ; 64   ; None ;
+----------------------------------------------------------------------------------------------------------------------------------+------+------------------+--------------+--------------+--------------+--------------+------+------+


+------------------------------------------------------+
; General Register Statistics                          ;
+----------------------------------------------+-------+
; Statistic                                    ; Value ;
+----------------------------------------------+-------+
; Total registers                              ; 51    ;
; Number of registers using Synchronous Clear  ; 0     ;
; Number of registers using Synchronous Load   ; 0     ;
; Number of registers using Asynchronous Clear ; 0     ;
; Number of registers using Asynchronous Load  ; 0     ;
; Number of registers using Clock Enable       ; 8     ;
; Number of registers using Preset             ; 0     ;
+----------------------------------------------+-------+


+----------------------------------------------------------------------------------------------------------------------------------------------------------------------+
; Registers Added for RAM Pass-Through Logic                                                                                                                           ;
+----------------------------------------------------------------------------------------+-----------------------------------------------------------------------------+
; Register Name                                                                          ; RAM Name                                                                    ;
+----------------------------------------------------------------------------------------+-----------------------------------------------------------------------------+
; req_gen:i_req_gen|ptr_seq_gen:i_ptr_seq_gen|regfile:i_regfile|regfile_rtl_0_bypass[0]  ; req_gen:i_req_gen|ptr_seq_gen:i_ptr_seq_gen|regfile:i_regfile|regfile_rtl_0 ;
; req_gen:i_req_gen|ptr_seq_gen:i_ptr_seq_gen|regfile:i_regfile|regfile_rtl_0_bypass[1]  ; req_gen:i_req_gen|ptr_seq_gen:i_ptr_seq_gen|regfile:i_regfile|regfile_rtl_0 ;
; req_gen:i_req_gen|ptr_seq_gen:i_ptr_seq_gen|regfile:i_regfile|regfile_rtl_0_bypass[2]  ; req_gen:i_req_gen|ptr_seq_gen:i_ptr_seq_gen|regfile:i_regfile|regfile_rtl_0 ;
; req_gen:i_req_gen|ptr_seq_gen:i_ptr_seq_gen|regfile:i_regfile|regfile_rtl_0_bypass[3]  ; req_gen:i_req_gen|ptr_seq_gen:i_ptr_seq_gen|regfile:i_regfile|regfile_rtl_0 ;
; req_gen:i_req_gen|ptr_seq_gen:i_ptr_seq_gen|regfile:i_regfile|regfile_rtl_0_bypass[4]  ; req_gen:i_req_gen|ptr_seq_gen:i_ptr_seq_gen|regfile:i_regfile|regfile_rtl_0 ;
; req_gen:i_req_gen|ptr_seq_gen:i_ptr_seq_gen|regfile:i_regfile|regfile_rtl_0_bypass[5]  ; req_gen:i_req_gen|ptr_seq_gen:i_ptr_seq_gen|regfile:i_regfile|regfile_rtl_0 ;
; req_gen:i_req_gen|ptr_seq_gen:i_ptr_seq_gen|regfile:i_regfile|regfile_rtl_0_bypass[6]  ; req_gen:i_req_gen|ptr_seq_gen:i_ptr_seq_gen|regfile:i_regfile|regfile_rtl_0 ;
; req_gen:i_req_gen|ptr_seq_gen:i_ptr_seq_gen|regfile:i_regfile|regfile_rtl_0_bypass[7]  ; req_gen:i_req_gen|ptr_seq_gen:i_ptr_seq_gen|regfile:i_regfile|regfile_rtl_0 ;
; req_gen:i_req_gen|ptr_seq_gen:i_ptr_seq_gen|regfile:i_regfile|regfile_rtl_0_bypass[8]  ; req_gen:i_req_gen|ptr_seq_gen:i_ptr_seq_gen|regfile:i_regfile|regfile_rtl_0 ;
; req_gen:i_req_gen|ptr_seq_gen:i_ptr_seq_gen|regfile:i_regfile|regfile_rtl_0_bypass[9]  ; req_gen:i_req_gen|ptr_seq_gen:i_ptr_seq_gen|regfile:i_regfile|regfile_rtl_0 ;
; req_gen:i_req_gen|ptr_seq_gen:i_ptr_seq_gen|regfile:i_regfile|regfile_rtl_0_bypass[10] ; req_gen:i_req_gen|ptr_seq_gen:i_ptr_seq_gen|regfile:i_regfile|regfile_rtl_0 ;
; req_gen:i_req_gen|ptr_seq_gen:i_ptr_seq_gen|regfile:i_regfile|regfile_rtl_0_bypass[11] ; req_gen:i_req_gen|ptr_seq_gen:i_ptr_seq_gen|regfile:i_regfile|regfile_rtl_0 ;
; req_gen:i_req_gen|ptr_seq_gen:i_ptr_seq_gen|regfile:i_regfile|regfile_rtl_0_bypass[12] ; req_gen:i_req_gen|ptr_seq_gen:i_ptr_seq_gen|regfile:i_regfile|regfile_rtl_0 ;
+----------------------------------------------------------------------------------------+-----------------------------------------------------------------------------+


+--------------------------------------------------------------------------------------------------------------------------------------------------------------------------------------------+
; Multiplexer Restructuring Statistics (Restructuring Performed)                                                                                                                             ;
+--------------------+-----------+---------------+----------------------+------------------------+------------+------------------------------------------------------------------------------+
; Multiplexer Inputs ; Bus Width ; Baseline Area ; Area if Restructured ; Saving if Restructured ; Registered ; Example Multiplexer Output                                                   ;
+--------------------+-----------+---------------+----------------------+------------------------+------------+------------------------------------------------------------------------------+
; 3:1                ; 4 bits    ; 8 LEs         ; 4 LEs                ; 4 LEs                  ; Yes        ; |wrapper|req_gen:i_req_gen|start_req_gen:i_start_req_gen|n_req[0]            ;
; 3:1                ; 4 bits    ; 8 LEs         ; 4 LEs                ; 4 LEs                  ; Yes        ; |wrapper|req_gen:i_req_gen|init:i_init|i[3]                                  ;
; 3:1                ; 4 bits    ; 8 LEs         ; 8 LEs                ; 0 LEs                  ; No         ; |wrapper|req_gen:i_req_gen|ptr_seq_gen:i_ptr_seq_gen|regfile:i_regfile|rd[0] ;
+--------------------+-----------+---------------+----------------------+------------------------+------------+------------------------------------------------------------------------------+


+----------------------------------------------------------------------------------------------------------------------------------------------+
; Source assignments for req_gen:i_req_gen|ptr_seq_gen:i_ptr_seq_gen|regfile:i_regfile|altsyncram:regfile_rtl_0|altsyncram_6gi1:auto_generated ;
+---------------------------------+--------------------+------+--------------------------------------------------------------------------------+
; Assignment                      ; Value              ; From ; To                                                                             ;
+---------------------------------+--------------------+------+--------------------------------------------------------------------------------+
; OPTIMIZE_POWER_DURING_SYNTHESIS ; NORMAL_COMPILATION ; -    ; -                                                                              ;
+---------------------------------+--------------------+------+--------------------------------------------------------------------------------+


+------------------------------------------------------------------------+
; Parameter Settings for User Entity Instance: clk_divider:i_clk_divider ;
+----------------+-------+-----------------------------------------------+
; Parameter Name ; Value ; Type                                          ;
+----------------+-------+-----------------------------------------------+
; w              ; 24    ; Signed Integer                                ;
+----------------+-------+-----------------------------------------------+
Note: In order to hide this table in the UI and the text report file, please set the "Show Parameter Settings in Synthesis Report" option in "Analysis and Synthesis Settings -> More Settings" to "Off".


+-----------------------------------------------------------------------------------------------------------------------------------------+
; Parameter Settings for Inferred Entity Instance: req_gen:i_req_gen|ptr_seq_gen:i_ptr_seq_gen|regfile:i_regfile|altsyncram:regfile_rtl_0 ;
+------------------------------------+----------------------+-----------------------------------------------------------------------------+
; Parameter Name                     ; Value                ; Type                                                                        ;
+------------------------------------+----------------------+-----------------------------------------------------------------------------+
; BYTE_SIZE_BLOCK                    ; 8                    ; Untyped                                                                     ;
; AUTO_CARRY_CHAINS                  ; ON                   ; AUTO_CARRY                                                                  ;
; IGNORE_CARRY_BUFFERS               ; OFF                  ; IGNORE_CARRY                                                                ;
; AUTO_CASCADE_CHAINS                ; ON                   ; AUTO_CASCADE                                                                ;
; IGNORE_CASCADE_BUFFERS             ; OFF                  ; IGNORE_CASCADE                                                              ;
; WIDTH_BYTEENA                      ; 1                    ; Untyped                                                                     ;
; OPERATION_MODE                     ; DUAL_PORT            ; Untyped                                                                     ;
; WIDTH_A                            ; 4                    ; Untyped                                                                     ;
; WIDTHAD_A                          ; 4                    ; Untyped                                                                     ;
; NUMWORDS_A                         ; 16                   ; Untyped                                                                     ;
; OUTDATA_REG_A                      ; UNREGISTERED         ; Untyped                                                                     ;
; ADDRESS_ACLR_A                     ; NONE                 ; Untyped                                                                     ;
; OUTDATA_ACLR_A                     ; NONE                 ; Untyped                                                                     ;
; WRCONTROL_ACLR_A                   ; NONE                 ; Untyped                                                                     ;
; INDATA_ACLR_A                      ; NONE                 ; Untyped                                                                     ;
; BYTEENA_ACLR_A                     ; NONE                 ; Untyped                                                                     ;
; WIDTH_B                            ; 4                    ; Untyped                                                                     ;
; WIDTHAD_B                          ; 4                    ; Untyped                                                                     ;
; NUMWORDS_B                         ; 16                   ; Untyped                                                                     ;
; INDATA_REG_B                       ; CLOCK1               ; Untyped                                                                     ;
; WRCONTROL_WRADDRESS_REG_B          ; CLOCK1               ; Untyped                                                                     ;
; RDCONTROL_REG_B                    ; CLOCK1               ; Untyped                                                                     ;
; ADDRESS_REG_B                      ; CLOCK0               ; Untyped                                                                     ;
; OUTDATA_REG_B                      ; UNREGISTERED         ; Untyped                                                                     ;
; BYTEENA_REG_B                      ; CLOCK1               ; Untyped                                                                     ;
; INDATA_ACLR_B                      ; NONE                 ; Untyped                                                                     ;
; WRCONTROL_ACLR_B                   ; NONE                 ; Untyped                                                                     ;
; ADDRESS_ACLR_B                     ; NONE                 ; Untyped                                                                     ;
; OUTDATA_ACLR_B                     ; NONE                 ; Untyped                                                                     ;
; RDCONTROL_ACLR_B                   ; NONE                 ; Untyped                                                                     ;
; BYTEENA_ACLR_B                     ; NONE                 ; Untyped                                                                     ;
; WIDTH_BYTEENA_A                    ; 1                    ; Untyped                                                                     ;
; WIDTH_BYTEENA_B                    ; 1                    ; Untyped                                                                     ;
; RAM_BLOCK_TYPE                     ; AUTO                 ; Untyped                                                                     ;
; BYTE_SIZE                          ; 8                    ; Untyped                                                                     ;
; READ_DURING_WRITE_MODE_MIXED_PORTS ; DONT_CARE            ; Untyped                                                                     ;
; READ_DURING_WRITE_MODE_PORT_A      ; NEW_DATA_NO_NBE_READ ; Untyped                                                                     ;
; READ_DURING_WRITE_MODE_PORT_B      ; NEW_DATA_NO_NBE_READ ; Untyped                                                                     ;
; INIT_FILE                          ; UNUSED               ; Untyped                                                                     ;
; INIT_FILE_LAYOUT                   ; PORT_A               ; Untyped                                                                     ;
; MAXIMUM_DEPTH                      ; 0                    ; Untyped                                                                     ;
; CLOCK_ENABLE_INPUT_A               ; NORMAL               ; Untyped                                                                     ;
; CLOCK_ENABLE_INPUT_B               ; NORMAL               ; Untyped                                                                     ;
; CLOCK_ENABLE_OUTPUT_A              ; NORMAL               ; Untyped                                                                     ;
; CLOCK_ENABLE_OUTPUT_B              ; NORMAL               ; Untyped                                                                     ;
; CLOCK_ENABLE_CORE_A                ; USE_INPUT_CLKEN      ; Untyped                                                                     ;
; CLOCK_ENABLE_CORE_B                ; USE_INPUT_CLKEN      ; Untyped                                                                     ;
; ENABLE_ECC                         ; FALSE                ; Untyped                                                                     ;
; ECC_PIPELINE_STAGE_ENABLED         ; FALSE                ; Untyped                                                                     ;
; WIDTH_ECCSTATUS                    ; 3                    ; Untyped                                                                     ;
; DEVICE_FAMILY                      ; Cyclone V            ; Untyped                                                                     ;
; CBXI_PARAMETER                     ; altsyncram_6gi1      ; Untyped                                                                     ;
+------------------------------------+----------------------+-----------------------------------------------------------------------------+
Note: In order to hide this table in the UI and the text report file, please set the "Show Parameter Settings in Synthesis Report" option in "Analysis and Synthesis Settings -> More Settings" to "Off".


+------------------------------------------------------------------------------------------------------------------------------------+
; altsyncram Parameter Settings by Entity Instance                                                                                   ;
+-------------------------------------------+----------------------------------------------------------------------------------------+
; Name                                      ; Value                                                                                  ;
+-------------------------------------------+----------------------------------------------------------------------------------------+
; Number of entity instances                ; 1                                                                                      ;
; Entity Instance                           ; req_gen:i_req_gen|ptr_seq_gen:i_ptr_seq_gen|regfile:i_regfile|altsyncram:regfile_rtl_0 ;
;     -- OPERATION_MODE                     ; DUAL_PORT                                                                              ;
;     -- WIDTH_A                            ; 4                                                                                      ;
;     -- NUMWORDS_A                         ; 16                                                                                     ;
;     -- OUTDATA_REG_A                      ; UNREGISTERED                                                                           ;
;     -- WIDTH_B                            ; 4                                                                                      ;
;     -- NUMWORDS_B                         ; 16                                                                                     ;
;     -- ADDRESS_REG_B                      ; CLOCK0                                                                                 ;
;     -- OUTDATA_REG_B                      ; UNREGISTERED                                                                           ;
;     -- RAM_BLOCK_TYPE                     ; AUTO                                                                                   ;
;     -- READ_DURING_WRITE_MODE_MIXED_PORTS ; DONT_CARE                                                                              ;
+-------------------------------------------+----------------------------------------------------------------------------------------+


+--------------------------------------------------------------------------------------------------------------------------------------------------------------------------------------------------+
; Port Connectivity Checks: "SEG7_LUT:u0"                                                                                                                                                          ;
+------+--------+----------+-----------------------------------------------------------------------------------------------------------------------------------------------------------------------+
; Port ; Type   ; Severity ; Details                                                                                                                                                               ;
+------+--------+----------+-----------------------------------------------------------------------------------------------------------------------------------------------------------------------+
; oSEG ; Output ; Warning  ; Output or bidir port (7 bits) is smaller than the port expression (8 bits) it drives.  The 1 most-significant bit(s) in the port expression will be connected to GND. ;
+------+--------+----------+-----------------------------------------------------------------------------------------------------------------------------------------------------------------------+


+-----------------------------------------------------+
; Post-Synthesis Netlist Statistics for Top Partition ;
+-----------------------+-----------------------------+
; Type                  ; Count                       ;
+-----------------------+-----------------------------+
; arriav_ff             ; 51                          ;
;     ENA               ; 8                           ;
;     plain             ; 43                          ;
; arriav_io_obuf        ; 72                          ;
; arriav_lcell_comb     ; 75                          ;
;     arith             ; 23                          ;
;         1 data inputs ; 22                          ;
;         2 data inputs ; 1                           ;
;     normal            ; 52                          ;
;         0 data inputs ; 2                           ;
;         1 data inputs ; 3                           ;
;         2 data inputs ; 4                           ;
;         3 data inputs ; 3                           ;
;         4 data inputs ; 19                          ;
;         5 data inputs ; 9                           ;
;         6 data inputs ; 12                          ;
; boundary_port         ; 149                         ;
; stratixv_ram_block    ; 4                           ;
;                       ;                             ;
; Max LUT depth         ; 5.00                        ;
; Average LUT depth     ; 1.84                        ;
+-----------------------+-----------------------------+


+-------------------------------+
; Elapsed Time Per Partition    ;
+----------------+--------------+
; Partition Name ; Elapsed Time ;
+----------------+--------------+
; Top            ; 00:00:00     ;
+----------------+--------------+


+-------------------------------+
; Analysis & Synthesis Messages ;
+-------------------------------+
Info: *******************************************************************
Info: Running Quartus Prime Analysis & Synthesis
    Info: Version 20.1.1 Build 720 11/11/2020 SJ Lite Edition
    Info: Processing started: Wed Sep 15 09:30:37 2021
Info: Command: quartus_map --read_settings_files=on --write_settings_files=off linked_list -c wrapper
Warning (18236): Number of processors has not been specified which may cause overloading on shared machines.  Set the global assignment NUM_PARALLEL_PROCESSORS in your QSF to an appropriate value for best performance.
Info (20030): Parallel compilation is enabled and will use 4 of the 4 processors detected
Warning (10275): Verilog HDL Module Instantiation warning at wrapper.v(49): ignored dangling comma in List of Port Connections File: E:/projects/circuits/chipExpo/quartus_demo/common/wrapper.v Line: 49
Info (12021): Found 1 design units, including 1 entities, in source file /projects/circuits/chipexpo/quartus_demo/common/wrapper.v
    Info (12023): Found entity 1: wrapper File: E:/projects/circuits/chipExpo/quartus_demo/common/wrapper.v Line: 1
Info (12021): Found 1 design units, including 1 entities, in source file /projects/circuits/chipexpo/quartus_demo/common/strobe_generator.v
    Info (12023): Found entity 1: strobe_generator File: E:/projects/circuits/chipExpo/quartus_demo/common/strobe_generator.v Line: 1
Info (12021): Found 1 design units, including 1 entities, in source file /projects/circuits/chipexpo/quartus_demo/common/seg7_lut.v
    Info (12023): Found entity 1: SEG7_LUT File: E:/projects/circuits/chipExpo/quartus_demo/common/SEG7_LUT.v Line: 1
Info (12021): Found 1 design units, including 1 entities, in source file /projects/circuits/chipexpo/quartus_demo/common/clk_divider.v
    Info (12023): Found entity 1: clk_divider File: E:/projects/circuits/chipExpo/quartus_demo/common/clk_divider.v Line: 1
Info (12021): Found 5 design units, including 5 entities, in source file v/design.sv
    Info (12023): Found entity 1: start_req_gen File: E:/projects/circuits/chipExpo/quartus_demo/demo_step2/V/design.sv Line: 9
    Info (12023): Found entity 2: init File: E:/projects/circuits/chipExpo/quartus_demo/demo_step2/V/design.sv Line: 38
    Info (12023): Found entity 3: regfile File: E:/projects/circuits/chipExpo/quartus_demo/demo_step2/V/design.sv Line: 67
    Info (12023): Found entity 4: ptr_seq_gen File: E:/projects/circuits/chipExpo/quartus_demo/demo_step2/V/design.sv Line: 82
    Info (12023): Found entity 5: req_gen File: E:/projects/circuits/chipExpo/quartus_demo/demo_step2/V/design.sv Line: 151
Info (12127): Elaborating entity "wrapper" for the top level hierarchy
Info (12128): Elaborating entity "clk_divider" for hierarchy "clk_divider:i_clk_divider" File: E:/projects/circuits/chipExpo/quartus_demo/common/wrapper.v Line: 37
Info (12128): Elaborating entity "req_gen" for hierarchy "req_gen:i_req_gen" File: E:/projects/circuits/chipExpo/quartus_demo/common/wrapper.v Line: 47
Info (12128): Elaborating entity "init" for hierarchy "req_gen:i_req_gen|init:i_init" File: E:/projects/circuits/chipExpo/quartus_demo/demo_step2/V/design.sv Line: 161
Warning (10230): Verilog HDL assignment warning at design.sv(63): truncated value with size 32 to match size of target (5) File: E:/projects/circuits/chipExpo/quartus_demo/demo_step2/V/design.sv Line: 63
Info (12128): Elaborating entity "start_req_gen" for hierarchy "req_gen:i_req_gen|start_req_gen:i_start_req_gen" File: E:/projects/circuits/chipExpo/quartus_demo/demo_step2/V/design.sv Line: 162
Info (12128): Elaborating entity "ptr_seq_gen" for hierarchy "req_gen:i_req_gen|ptr_seq_gen:i_ptr_seq_gen" File: E:/projects/circuits/chipExpo/quartus_demo/demo_step2/V/design.sv Line: 163
Info (12128): Elaborating entity "regfile" for hierarchy "req_gen:i_req_gen|ptr_seq_gen:i_ptr_seq_gen|regfile:i_regfile" File: E:/projects/circuits/chipExpo/quartus_demo/demo_step2/V/design.sv Line: 107
Info (12128): Elaborating entity "SEG7_LUT" for hierarchy "SEG7_LUT:u0" File: E:/projects/circuits/chipExpo/quartus_demo/common/wrapper.v Line: 49
Warning (276020): Inferred RAM node "req_gen:i_req_gen|ptr_seq_gen:i_ptr_seq_gen|regfile:i_regfile|regfile_rtl_0" from synchronous design logic.  Pass-through logic has been added to match the read-during-write behavior of the original design.
Info (19000): Inferred 1 megafunctions from design logic
    Info (276029): Inferred altsyncram megafunction from the following design logic: "req_gen:i_req_gen|ptr_seq_gen:i_ptr_seq_gen|regfile:i_regfile|regfile_rtl_0" 
        Info (286033): Parameter OPERATION_MODE set to DUAL_PORT
        Info (286033): Parameter WIDTH_A set to 4
        Info (286033): Parameter WIDTHAD_A set to 4
        Info (286033): Parameter NUMWORDS_A set to 16
        Info (286033): Parameter WIDTH_B set to 4
        Info (286033): Parameter WIDTHAD_B set to 4
        Info (286033): Parameter NUMWORDS_B set to 16
        Info (286033): Parameter ADDRESS_ACLR_A set to NONE
        Info (286033): Parameter OUTDATA_REG_B set to UNREGISTERED
        Info (286033): Parameter ADDRESS_ACLR_B set to NONE
        Info (286033): Parameter OUTDATA_ACLR_B set to NONE
        Info (286033): Parameter ADDRESS_REG_B set to CLOCK0
        Info (286033): Parameter INDATA_ACLR_A set to NONE
        Info (286033): Parameter WRCONTROL_ACLR_A set to NONE
Info (12130): Elaborated megafunction instantiation "req_gen:i_req_gen|ptr_seq_gen:i_ptr_seq_gen|regfile:i_regfile|altsyncram:regfile_rtl_0"
Info (12133): Instantiated megafunction "req_gen:i_req_gen|ptr_seq_gen:i_ptr_seq_gen|regfile:i_regfile|altsyncram:regfile_rtl_0" with the following parameter:
    Info (12134): Parameter "OPERATION_MODE" = "DUAL_PORT"
    Info (12134): Parameter "WIDTH_A" = "4"
    Info (12134): Parameter "WIDTHAD_A" = "4"
    Info (12134): Parameter "NUMWORDS_A" = "16"
    Info (12134): Parameter "WIDTH_B" = "4"
    Info (12134): Parameter "WIDTHAD_B" = "4"
    Info (12134): Parameter "NUMWORDS_B" = "16"
    Info (12134): Parameter "ADDRESS_ACLR_A" = "NONE"
    Info (12134): Parameter "OUTDATA_REG_B" = "UNREGISTERED"
    Info (12134): Parameter "ADDRESS_ACLR_B" = "NONE"
    Info (12134): Parameter "OUTDATA_ACLR_B" = "NONE"
    Info (12134): Parameter "ADDRESS_REG_B" = "CLOCK0"
    Info (12134): Parameter "INDATA_ACLR_A" = "NONE"
    Info (12134): Parameter "WRCONTROL_ACLR_A" = "NONE"
Info (12021): Found 1 design units, including 1 entities, in source file db/altsyncram_6gi1.tdf
    Info (12023): Found entity 1: altsyncram_6gi1 File: E:/projects/circuits/chipExpo/quartus_demo/demo_step2/db/altsyncram_6gi1.tdf Line: 28
Warning (12241): 1 hierarchies have connectivity warnings - see the Connectivity Checks report folder
Warning (13039): The following bidirectional pins have no drivers
    Warning (13040): bidirectional pin "GPIO_0[0]" has no driver File: E:/projects/circuits/chipExpo/quartus_demo/common/wrapper.v Line: 22
    Warning (13040): bidirectional pin "GPIO_0[1]" has no driver File: E:/projects/circuits/chipExpo/quartus_demo/common/wrapper.v Line: 22
    Warning (13040): bidirectional pin "GPIO_0[2]" has no driver File: E:/projects/circuits/chipExpo/quartus_demo/common/wrapper.v Line: 22
    Warning (13040): bidirectional pin "GPIO_0[3]" has no driver File: E:/projects/circuits/chipExpo/quartus_demo/common/wrapper.v Line: 22
    Warning (13040): bidirectional pin "GPIO_0[4]" has no driver File: E:/projects/circuits/chipExpo/quartus_demo/common/wrapper.v Line: 22
    Warning (13040): bidirectional pin "GPIO_0[5]" has no driver File: E:/projects/circuits/chipExpo/quartus_demo/common/wrapper.v Line: 22
    Warning (13040): bidirectional pin "GPIO_0[6]" has no driver File: E:/projects/circuits/chipExpo/quartus_demo/common/wrapper.v Line: 22
    Warning (13040): bidirectional pin "GPIO_0[7]" has no driver File: E:/projects/circuits/chipExpo/quartus_demo/common/wrapper.v Line: 22
    Warning (13040): bidirectional pin "GPIO_0[8]" has no driver File: E:/projects/circuits/chipExpo/quartus_demo/common/wrapper.v Line: 22
    Warning (13040): bidirectional pin "GPIO_0[9]" has no driver File: E:/projects/circuits/chipExpo/quartus_demo/common/wrapper.v Line: 22
    Warning (13040): bidirectional pin "GPIO_0[10]" has no driver File: E:/projects/circuits/chipExpo/quartus_demo/common/wrapper.v Line: 22
    Warning (13040): bidirectional pin "GPIO_0[11]" has no driver File: E:/projects/circuits/chipExpo/quartus_demo/common/wrapper.v Line: 22
    Warning (13040): bidirectional pin "GPIO_0[12]" has no driver File: E:/projects/circuits/chipExpo/quartus_demo/common/wrapper.v Line: 22
    Warning (13040): bidirectional pin "GPIO_0[13]" has no driver File: E:/projects/circuits/chipExpo/quartus_demo/common/wrapper.v Line: 22
    Warning (13040): bidirectional pin "GPIO_0[14]" has no driver File: E:/projects/circuits/chipExpo/quartus_demo/common/wrapper.v Line: 22
    Warning (13040): bidirectional pin "GPIO_0[15]" has no driver File: E:/projects/circuits/chipExpo/quartus_demo/common/wrapper.v Line: 22
    Warning (13040): bidirectional pin "GPIO_0[16]" has no driver File: E:/projects/circuits/chipExpo/quartus_demo/common/wrapper.v Line: 22
    Warning (13040): bidirectional pin "GPIO_0[17]" has no driver File: E:/projects/circuits/chipExpo/quartus_demo/common/wrapper.v Line: 22
    Warning (13040): bidirectional pin "GPIO_0[18]" has no driver File: E:/projects/circuits/chipExpo/quartus_demo/common/wrapper.v Line: 22
    Warning (13040): bidirectional pin "GPIO_0[19]" has no driver File: E:/projects/circuits/chipExpo/quartus_demo/common/wrapper.v Line: 22
    Warning (13040): bidirectional pin "GPIO_0[20]" has no driver File: E:/projects/circuits/chipExpo/quartus_demo/common/wrapper.v Line: 22
    Warning (13040): bidirectional pin "GPIO_0[21]" has no driver File: E:/projects/circuits/chipExpo/quartus_demo/common/wrapper.v Line: 22
    Warning (13040): bidirectional pin "GPIO_0[22]" has no driver File: E:/projects/circuits/chipExpo/quartus_demo/common/wrapper.v Line: 22
    Warning (13040): bidirectional pin "GPIO_0[23]" has no driver File: E:/projects/circuits/chipExpo/quartus_demo/common/wrapper.v Line: 22
    Warning (13040): bidirectional pin "GPIO_0[24]" has no driver File: E:/projects/circuits/chipExpo/quartus_demo/common/wrapper.v Line: 22
    Warning (13040): bidirectional pin "GPIO_0[25]" has no driver File: E:/projects/circuits/chipExpo/quartus_demo/common/wrapper.v Line: 22
    Warning (13040): bidirectional pin "GPIO_0[26]" has no driver File: E:/projects/circuits/chipExpo/quartus_demo/common/wrapper.v Line: 22
    Warning (13040): bidirectional pin "GPIO_0[27]" has no driver File: E:/projects/circuits/chipExpo/quartus_demo/common/wrapper.v Line: 22
    Warning (13040): bidirectional pin "GPIO_0[28]" has no driver File: E:/projects/circuits/chipExpo/quartus_demo/common/wrapper.v Line: 22
    Warning (13040): bidirectional pin "GPIO_0[29]" has no driver File: E:/projects/circuits/chipExpo/quartus_demo/common/wrapper.v Line: 22
    Warning (13040): bidirectional pin "GPIO_0[30]" has no driver File: E:/projects/circuits/chipExpo/quartus_demo/common/wrapper.v Line: 22
    Warning (13040): bidirectional pin "GPIO_0[31]" has no driver File: E:/projects/circuits/chipExpo/quartus_demo/common/wrapper.v Line: 22
    Warning (13040): bidirectional pin "GPIO_0[32]" has no driver File: E:/projects/circuits/chipExpo/quartus_demo/common/wrapper.v Line: 22
    Warning (13040): bidirectional pin "GPIO_0[33]" has no driver File: E:/projects/circuits/chipExpo/quartus_demo/common/wrapper.v Line: 22
    Warning (13040): bidirectional pin "GPIO_0[34]" has no driver File: E:/projects/circuits/chipExpo/quartus_demo/common/wrapper.v Line: 22
    Warning (13040): bidirectional pin "GPIO_0[35]" has no driver File: E:/projects/circuits/chipExpo/quartus_demo/common/wrapper.v Line: 22
    Warning (13040): bidirectional pin "GPIO_1[0]" has no driver File: E:/projects/circuits/chipExpo/quartus_demo/common/wrapper.v Line: 25
    Warning (13040): bidirectional pin "GPIO_1[1]" has no driver File: E:/projects/circuits/chipExpo/quartus_demo/common/wrapper.v Line: 25
    Warning (13040): bidirectional pin "GPIO_1[2]" has no driver File: E:/projects/circuits/chipExpo/quartus_demo/common/wrapper.v Line: 25
    Warning (13040): bidirectional pin "GPIO_1[3]" has no driver File: E:/projects/circuits/chipExpo/quartus_demo/common/wrapper.v Line: 25
    Warning (13040): bidirectional pin "GPIO_1[4]" has no driver File: E:/projects/circuits/chipExpo/quartus_demo/common/wrapper.v Line: 25
    Warning (13040): bidirectional pin "GPIO_1[5]" has no driver File: E:/projects/circuits/chipExpo/quartus_demo/common/wrapper.v Line: 25
    Warning (13040): bidirectional pin "GPIO_1[6]" has no driver File: E:/projects/circuits/chipExpo/quartus_demo/common/wrapper.v Line: 25
    Warning (13040): bidirectional pin "GPIO_1[7]" has no driver File: E:/projects/circuits/chipExpo/quartus_demo/common/wrapper.v Line: 25
    Warning (13040): bidirectional pin "GPIO_1[8]" has no driver File: E:/projects/circuits/chipExpo/quartus_demo/common/wrapper.v Line: 25
    Warning (13040): bidirectional pin "GPIO_1[9]" has no driver File: E:/projects/circuits/chipExpo/quartus_demo/common/wrapper.v Line: 25
    Warning (13040): bidirectional pin "GPIO_1[10]" has no driver File: E:/projects/circuits/chipExpo/quartus_demo/common/wrapper.v Line: 25
    Warning (13040): bidirectional pin "GPIO_1[11]" has no driver File: E:/projects/circuits/chipExpo/quartus_demo/common/wrapper.v Line: 25
    Warning (13040): bidirectional pin "GPIO_1[12]" has no driver File: E:/projects/circuits/chipExpo/quartus_demo/common/wrapper.v Line: 25
    Warning (13040): bidirectional pin "GPIO_1[13]" has no driver File: E:/projects/circuits/chipExpo/quartus_demo/common/wrapper.v Line: 25
    Warning (13040): bidirectional pin "GPIO_1[14]" has no driver File: E:/projects/circuits/chipExpo/quartus_demo/common/wrapper.v Line: 25
    Warning (13040): bidirectional pin "GPIO_1[15]" has no driver File: E:/projects/circuits/chipExpo/quartus_demo/common/wrapper.v Line: 25
    Warning (13040): bidirectional pin "GPIO_1[16]" has no driver File: E:/projects/circuits/chipExpo/quartus_demo/common/wrapper.v Line: 25
    Warning (13040): bidirectional pin "GPIO_1[17]" has no driver File: E:/projects/circuits/chipExpo/quartus_demo/common/wrapper.v Line: 25
    Warning (13040): bidirectional pin "GPIO_1[18]" has no driver File: E:/projects/circuits/chipExpo/quartus_demo/common/wrapper.v Line: 25
    Warning (13040): bidirectional pin "GPIO_1[19]" has no driver File: E:/projects/circuits/chipExpo/quartus_demo/common/wrapper.v Line: 25
    Warning (13040): bidirectional pin "GPIO_1[20]" has no driver File: E:/projects/circuits/chipExpo/quartus_demo/common/wrapper.v Line: 25
    Warning (13040): bidirectional pin "GPIO_1[21]" has no driver File: E:/projects/circuits/chipExpo/quartus_demo/common/wrapper.v Line: 25
    Warning (13040): bidirectional pin "GPIO_1[22]" has no driver File: E:/projects/circuits/chipExpo/quartus_demo/common/wrapper.v Line: 25
    Warning (13040): bidirectional pin "GPIO_1[23]" has no driver File: E:/projects/circuits/chipExpo/quartus_demo/common/wrapper.v Line: 25
    Warning (13040): bidirectional pin "GPIO_1[24]" has no driver File: E:/projects/circuits/chipExpo/quartus_demo/common/wrapper.v Line: 25
    Warning (13040): bidirectional pin "GPIO_1[25]" has no driver File: E:/projects/circuits/chipExpo/quartus_demo/common/wrapper.v Line: 25
    Warning (13040): bidirectional pin "GPIO_1[26]" has no driver File: E:/projects/circuits/chipExpo/quartus_demo/common/wrapper.v Line: 25
    Warning (13040): bidirectional pin "GPIO_1[27]" has no driver File: E:/projects/circuits/chipExpo/quartus_demo/common/wrapper.v Line: 25
    Warning (13040): bidirectional pin "GPIO_1[28]" has no driver File: E:/projects/circuits/chipExpo/quartus_demo/common/wrapper.v Line: 25
    Warning (13040): bidirectional pin "GPIO_1[29]" has no driver File: E:/projects/circuits/chipExpo/quartus_demo/common/wrapper.v Line: 25
    Warning (13040): bidirectional pin "GPIO_1[30]" has no driver File: E:/projects/circuits/chipExpo/quartus_demo/common/wrapper.v Line: 25
    Warning (13040): bidirectional pin "GPIO_1[31]" has no driver File: E:/projects/circuits/chipExpo/quartus_demo/common/wrapper.v Line: 25
    Warning (13040): bidirectional pin "GPIO_1[32]" has no driver File: E:/projects/circuits/chipExpo/quartus_demo/common/wrapper.v Line: 25
    Warning (13040): bidirectional pin "GPIO_1[33]" has no driver File: E:/projects/circuits/chipExpo/quartus_demo/common/wrapper.v Line: 25
    Warning (13040): bidirectional pin "GPIO_1[34]" has no driver File: E:/projects/circuits/chipExpo/quartus_demo/common/wrapper.v Line: 25
    Warning (13040): bidirectional pin "GPIO_1[35]" has no driver File: E:/projects/circuits/chipExpo/quartus_demo/common/wrapper.v Line: 25
Warning (13024): Output pins are stuck at VCC or GND
    Warning (13410): Pin "LEDR[1]" is stuck at GND File: E:/projects/circuits/chipExpo/quartus_demo/common/wrapper.v Line: 13
    Warning (13410): Pin "LEDR[2]" is stuck at GND File: E:/projects/circuits/chipExpo/quartus_demo/common/wrapper.v Line: 13
    Warning (13410): Pin "LEDR[3]" is stuck at GND File: E:/projects/circuits/chipExpo/quartus_demo/common/wrapper.v Line: 13
    Warning (13410): Pin "LEDR[4]" is stuck at GND File: E:/projects/circuits/chipExpo/quartus_demo/common/wrapper.v Line: 13
    Warning (13410): Pin "LEDR[5]" is stuck at GND File: E:/projects/circuits/chipExpo/quartus_demo/common/wrapper.v Line: 13
    Warning (13410): Pin "LEDR[6]" is stuck at GND File: E:/projects/circuits/chipExpo/quartus_demo/common/wrapper.v Line: 13
    Warning (13410): Pin "LEDR[7]" is stuck at GND File: E:/projects/circuits/chipExpo/quartus_demo/common/wrapper.v Line: 13
    Warning (13410): Pin "LEDR[8]" is stuck at GND File: E:/projects/circuits/chipExpo/quartus_demo/common/wrapper.v Line: 13
    Warning (13410): Pin "HEX0[7]" is stuck at GND File: E:/projects/circuits/chipExpo/quartus_demo/common/wrapper.v Line: 15
    Warning (13410): Pin "HEX1[0]" is stuck at VCC File: E:/projects/circuits/chipExpo/quartus_demo/common/wrapper.v Line: 16
    Warning (13410): Pin "HEX1[1]" is stuck at VCC File: E:/projects/circuits/chipExpo/quartus_demo/common/wrapper.v Line: 16
    Warning (13410): Pin "HEX1[2]" is stuck at VCC File: E:/projects/circuits/chipExpo/quartus_demo/common/wrapper.v Line: 16
    Warning (13410): Pin "HEX1[3]" is stuck at VCC File: E:/projects/circuits/chipExpo/quartus_demo/common/wrapper.v Line: 16
    Warning (13410): Pin "HEX1[4]" is stuck at VCC File: E:/projects/circuits/chipExpo/quartus_demo/common/wrapper.v Line: 16
    Warning (13410): Pin "HEX1[5]" is stuck at VCC File: E:/projects/circuits/chipExpo/quartus_demo/common/wrapper.v Line: 16
    Warning (13410): Pin "HEX1[6]" is stuck at GND File: E:/projects/circuits/chipExpo/quartus_demo/common/wrapper.v Line: 16
    Warning (13410): Pin "HEX1[7]" is stuck at GND File: E:/projects/circuits/chipExpo/quartus_demo/common/wrapper.v Line: 16
    Warning (13410): Pin "HEX2[0]" is stuck at VCC File: E:/projects/circuits/chipExpo/quartus_demo/common/wrapper.v Line: 17
    Warning (13410): Pin "HEX2[1]" is stuck at VCC File: E:/projects/circuits/chipExpo/quartus_demo/common/wrapper.v Line: 17
    Warning (13410): Pin "HEX2[2]" is stuck at VCC File: E:/projects/circuits/chipExpo/quartus_demo/common/wrapper.v Line: 17
    Warning (13410): Pin "HEX2[3]" is stuck at VCC File: E:/projects/circuits/chipExpo/quartus_demo/common/wrapper.v Line: 17
    Warning (13410): Pin "HEX2[4]" is stuck at VCC File: E:/projects/circuits/chipExpo/quartus_demo/common/wrapper.v Line: 17
    Warning (13410): Pin "HEX2[5]" is stuck at VCC File: E:/projects/circuits/chipExpo/quartus_demo/common/wrapper.v Line: 17
    Warning (13410): Pin "HEX2[6]" is stuck at GND File: E:/projects/circuits/chipExpo/quartus_demo/common/wrapper.v Line: 17
    Warning (13410): Pin "HEX2[7]" is stuck at GND File: E:/projects/circuits/chipExpo/quartus_demo/common/wrapper.v Line: 17
    Warning (13410): Pin "HEX3[0]" is stuck at VCC File: E:/projects/circuits/chipExpo/quartus_demo/common/wrapper.v Line: 18
    Warning (13410): Pin "HEX3[1]" is stuck at VCC File: E:/projects/circuits/chipExpo/quartus_demo/common/wrapper.v Line: 18
    Warning (13410): Pin "HEX3[2]" is stuck at VCC File: E:/projects/circuits/chipExpo/quartus_demo/common/wrapper.v Line: 18
    Warning (13410): Pin "HEX3[3]" is stuck at VCC File: E:/projects/circuits/chipExpo/quartus_demo/common/wrapper.v Line: 18
    Warning (13410): Pin "HEX3[4]" is stuck at VCC File: E:/projects/circuits/chipExpo/quartus_demo/common/wrapper.v Line: 18
    Warning (13410): Pin "HEX3[5]" is stuck at VCC File: E:/projects/circuits/chipExpo/quartus_demo/common/wrapper.v Line: 18
    Warning (13410): Pin "HEX3[6]" is stuck at GND File: E:/projects/circuits/chipExpo/quartus_demo/common/wrapper.v Line: 18
    Warning (13410): Pin "HEX3[7]" is stuck at GND File: E:/projects/circuits/chipExpo/quartus_demo/common/wrapper.v Line: 18
    Warning (13410): Pin "HEX4[0]" is stuck at VCC File: E:/projects/circuits/chipExpo/quartus_demo/common/wrapper.v Line: 19
    Warning (13410): Pin "HEX4[1]" is stuck at VCC File: E:/projects/circuits/chipExpo/quartus_demo/common/wrapper.v Line: 19
    Warning (13410): Pin "HEX4[2]" is stuck at VCC File: E:/projects/circuits/chipExpo/quartus_demo/common/wrapper.v Line: 19
    Warning (13410): Pin "HEX4[3]" is stuck at VCC File: E:/projects/circuits/chipExpo/quartus_demo/common/wrapper.v Line: 19
    Warning (13410): Pin "HEX4[4]" is stuck at VCC File: E:/projects/circuits/chipExpo/quartus_demo/common/wrapper.v Line: 19
    Warning (13410): Pin "HEX4[5]" is stuck at VCC File: E:/projects/circuits/chipExpo/quartus_demo/common/wrapper.v Line: 19
    Warning (13410): Pin "HEX4[6]" is stuck at GND File: E:/projects/circuits/chipExpo/quartus_demo/common/wrapper.v Line: 19
    Warning (13410): Pin "HEX4[7]" is stuck at GND File: E:/projects/circuits/chipExpo/quartus_demo/common/wrapper.v Line: 19
    Warning (13410): Pin "HEX5[0]" is stuck at VCC File: E:/projects/circuits/chipExpo/quartus_demo/common/wrapper.v Line: 20
    Warning (13410): Pin "HEX5[1]" is stuck at VCC File: E:/projects/circuits/chipExpo/quartus_demo/common/wrapper.v Line: 20
    Warning (13410): Pin "HEX5[2]" is stuck at VCC File: E:/projects/circuits/chipExpo/quartus_demo/common/wrapper.v Line: 20
    Warning (13410): Pin "HEX5[3]" is stuck at VCC File: E:/projects/circuits/chipExpo/quartus_demo/common/wrapper.v Line: 20
    Warning (13410): Pin "HEX5[4]" is stuck at VCC File: E:/projects/circuits/chipExpo/quartus_demo/common/wrapper.v Line: 20
    Warning (13410): Pin "HEX5[5]" is stuck at VCC File: E:/projects/circuits/chipExpo/quartus_demo/common/wrapper.v Line: 20
    Warning (13410): Pin "HEX5[6]" is stuck at GND File: E:/projects/circuits/chipExpo/quartus_demo/common/wrapper.v Line: 20
    Warning (13410): Pin "HEX5[7]" is stuck at GND File: E:/projects/circuits/chipExpo/quartus_demo/common/wrapper.v Line: 20
Info (286030): Timing-Driven Synthesis is running
Info (16010): Generating hard_block partition "hard_block:auto_generated_inst"
    Info (16011): Adding 0 node(s), including 0 DDIO, 0 PLL, 0 transceiver and 0 LCELL
Warning (21074): Design contains 17 input pin(s) that do not drive logic
    Warning (15610): No output dependent on input pin "CLOCK2_50" File: E:/projects/circuits/chipExpo/quartus_demo/common/wrapper.v Line: 4
    Warning (15610): No output dependent on input pin "CLOCK3_50" File: E:/projects/circuits/chipExpo/quartus_demo/common/wrapper.v Line: 5
    Warning (15610): No output dependent on input pin "CLOCK4_50" File: E:/projects/circuits/chipExpo/quartus_demo/common/wrapper.v Line: 6
    Warning (15610): No output dependent on input pin "KEY[0]" File: E:/projects/circuits/chipExpo/quartus_demo/common/wrapper.v Line: 10
    Warning (15610): No output dependent on input pin "KEY[1]" File: E:/projects/circuits/chipExpo/quartus_demo/common/wrapper.v Line: 10
    Warning (15610): No output dependent on input pin "KEY[2]" File: E:/projects/circuits/chipExpo/quartus_demo/common/wrapper.v Line: 10
    Warning (15610): No output dependent on input pin "KEY[3]" File: E:/projects/circuits/chipExpo/quartus_demo/common/wrapper.v Line: 10
    Warning (15610): No output dependent on input pin "SW[0]" File: E:/projects/circuits/chipExpo/quartus_demo/common/wrapper.v Line: 11
    Warning (15610): No output dependent on input pin "SW[1]" File: E:/projects/circuits/chipExpo/quartus_demo/common/wrapper.v Line: 11
    Warning (15610): No output dependent on input pin "SW[2]" File: E:/projects/circuits/chipExpo/quartus_demo/common/wrapper.v Line: 11
    Warning (15610): No output dependent on input pin "SW[3]" File: E:/projects/circuits/chipExpo/quartus_demo/common/wrapper.v Line: 11
    Warning (15610): No output dependent on input pin "SW[4]" File: E:/projects/circuits/chipExpo/quartus_demo/common/wrapper.v Line: 11
    Warning (15610): No output dependent on input pin "SW[5]" File: E:/projects/circuits/chipExpo/quartus_demo/common/wrapper.v Line: 11
    Warning (15610): No output dependent on input pin "SW[6]" File: E:/projects/circuits/chipExpo/quartus_demo/common/wrapper.v Line: 11
    Warning (15610): No output dependent on input pin "SW[7]" File: E:/projects/circuits/chipExpo/quartus_demo/common/wrapper.v Line: 11
    Warning (15610): No output dependent on input pin "SW[8]" File: E:/projects/circuits/chipExpo/quartus_demo/common/wrapper.v Line: 11
    Warning (15610): No output dependent on input pin "SW[9]" File: E:/projects/circuits/chipExpo/quartus_demo/common/wrapper.v Line: 11
Info (21057): Implemented 241 device resources after synthesis - the final resource count might be different
    Info (21058): Implemented 19 input pins
    Info (21059): Implemented 58 output pins
    Info (21060): Implemented 72 bidirectional pins
    Info (21061): Implemented 88 logic cells
    Info (21064): Implemented 4 RAM segments
Info: Quartus Prime Analysis & Synthesis was successful. 0 errors, 146 warnings
    Info: Peak virtual memory: 4828 megabytes
    Info: Processing ended: Wed Sep 15 09:30:46 2021
    Info: Elapsed time: 00:00:09
    Info: Total CPU time (on all processors): 00:00:18


