Info: Read atom netlist
Info: Directory E:/projects/circuits/demo/board/fpgaxchange exists --if you continue the contents of the directory may be overwritten
Info: Generating FPGA Xchange file E:/projects/circuits/demo/board/fpgaxchange/wrapper.fx
Info: Atom 330 (CLOCK2_50) has key 'input,2.5 V,--,--,Off,--,0,--,0,--,--'
Info: Atom 332 (CLOCK3_50) has key 'input,2.5 V,--,--,Off,--,0,--,0,--,--'
Info: Atom 334 (CLOCK4_50) has key 'input,2.5 V,--,--,Off,--,0,--,0,--,--'
Info: Atom 336 (KEY[0]) has key 'input,2.5 V,--,--,Off,--,0,--,0,--,--'
Info: Atom 338 (KEY[1]) has key 'input,2.5 V,--,--,Off,--,0,--,0,--,--'
Info: Atom 340 (KEY[2]) has key 'input,2.5 V,--,--,Off,--,0,--,0,--,--'
Info: Atom 342 (KEY[3]) has key 'input,2.5 V,--,--,Off,--,0,--,0,--,--'
Info: Atom 344 (SW[0]) has key 'input,2.5 V,--,--,Off,--,0,--,0,--,--'
Info: Atom 346 (SW[1]) has key 'input,2.5 V,--,--,Off,--,0,--,0,--,--'
Info: Atom 348 (SW[2]) has key 'input,2.5 V,--,--,Off,--,0,--,0,--,--'
Info: Atom 350 (SW[3]) has key 'input,2.5 V,--,--,Off,--,0,--,0,--,--'
Info: Atom 352 (SW[4]) has key 'input,2.5 V,--,--,Off,--,0,--,0,--,--'
Info: Atom 354 (SW[5]) has key 'input,2.5 V,--,--,Off,--,0,--,0,--,--'
Info: Atom 356 (SW[6]) has key 'input,2.5 V,--,--,Off,--,0,--,0,--,--'
Info: Atom 358 (SW[7]) has key 'input,2.5 V,--,--,Off,--,0,--,0,--,--'
Info: Atom 360 (SW[8]) has key 'input,2.5 V,--,--,Off,--,0,--,0,--,--'
Info: Atom 362 (SW[9]) has key 'input,2.5 V,--,--,Off,--,0,--,0,--,--'
Info: Atom 364 (LEDR[0]) has key 'output,2.5 V,Default,Series 50 Ohm without Calibration,--,FAST,0,--,0,--,--'
Info: Atom 366 (LEDR[1]) has key 'output,2.5 V,Default,Series 50 Ohm without Calibration,--,FAST,0,--,0,--,--'
Info: Atom 368 (LEDR[2]) has key 'output,2.5 V,Default,Series 50 Ohm without Calibration,--,FAST,0,--,0,--,--'
Info: Atom 370 (LEDR[3]) has key 'output,2.5 V,Default,Series 50 Ohm without Calibration,--,FAST,0,--,0,--,--'
Info: Atom 372 (LEDR[4]) has key 'output,2.5 V,Default,Series 50 Ohm without Calibration,--,FAST,0,--,0,--,--'
Info: Atom 374 (LEDR[5]) has key 'output,2.5 V,Default,Series 50 Ohm without Calibration,--,FAST,0,--,0,--,--'
Info: Atom 376 (LEDR[6]) has key 'output,2.5 V,Default,Series 50 Ohm without Calibration,--,FAST,0,--,0,--,--'
Info: Atom 378 (LEDR[7]) has key 'output,2.5 V,Default,Series 50 Ohm without Calibration,--,FAST,0,--,0,--,--'
Info: Atom 380 (LEDR[8]) has key 'output,2.5 V,Default,Series 50 Ohm without Calibration,--,FAST,0,--,0,--,--'
Info: Atom 382 (LEDR[9]) has key 'output,2.5 V,Default,Series 50 Ohm without Calibration,--,FAST,0,--,0,--,--'
Info: Atom 384 (HEX0[0]) has key 'output,2.5 V,Default,Series 50 Ohm without Calibration,--,FAST,0,--,0,--,--'
Info: Atom 386 (HEX0[1]) has key 'output,2.5 V,Default,Series 50 Ohm without Calibration,--,FAST,0,--,0,--,--'
Info: Atom 388 (HEX0[2]) has key 'output,2.5 V,Default,Series 50 Ohm without Calibration,--,FAST,0,--,0,--,--'
Info: Atom 390 (HEX0[3]) has key 'output,2.5 V,Default,Series 50 Ohm without Calibration,--,FAST,0,--,0,--,--'
Info: Atom 392 (HEX0[4]) has key 'output,2.5 V,Default,Series 50 Ohm without Calibration,--,FAST,0,--,0,--,--'
Info: Atom 394 (HEX0[5]) has key 'output,2.5 V,Default,Series 50 Ohm without Calibration,--,FAST,0,--,0,--,--'
Info: Atom 396 (HEX0[6]) has key 'output,2.5 V,Default,Series 50 Ohm without Calibration,--,FAST,0,--,0,--,--'
Info: Atom 398 (HEX0[7]) has key 'output,2.5 V,Default,Series 50 Ohm without Calibration,--,FAST,0,--,0,--,--'
Info: Atom 400 (HEX1[0]) has key 'output,2.5 V,Default,Series 50 Ohm without Calibration,--,FAST,0,--,0,--,--'
Info: Atom 402 (HEX1[1]) has key 'output,2.5 V,Default,Series 50 Ohm without Calibration,--,FAST,0,--,0,--,--'
Info: Atom 404 (HEX1[2]) has key 'output,2.5 V,Default,Series 50 Ohm without Calibration,--,FAST,0,--,0,--,--'
Info: Atom 406 (HEX1[3]) has key 'output,2.5 V,Default,Series 50 Ohm without Calibration,--,FAST,0,--,0,--,--'
Info: Atom 408 (HEX1[4]) has key 'output,2.5 V,Default,Series 50 Ohm without Calibration,--,FAST,0,--,0,--,--'
Info: Atom 410 (HEX1[5]) has key 'output,2.5 V,Default,Series 50 Ohm without Calibration,--,FAST,0,--,0,--,--'
Info: Atom 412 (HEX1[6]) has key 'output,2.5 V,Default,Series 50 Ohm without Calibration,--,FAST,0,--,0,--,--'
Info: Atom 414 (HEX1[7]) has key 'output,2.5 V,Default,Series 50 Ohm without Calibration,--,FAST,0,--,0,--,--'
Info: Atom 416 (HEX2[0]) has key 'output,2.5 V,Default,Series 50 Ohm without Calibration,--,FAST,0,--,0,--,--'
Info: Atom 418 (HEX2[1]) has key 'output,2.5 V,Default,Series 50 Ohm without Calibration,--,FAST,0,--,0,--,--'
Info: Atom 420 (HEX2[2]) has key 'output,2.5 V,Default,Series 50 Ohm without Calibration,--,FAST,0,--,0,--,--'
Info: Atom 422 (HEX2[3]) has key 'output,2.5 V,Default,Series 50 Ohm without Calibration,--,FAST,0,--,0,--,--'
Info: Atom 424 (HEX2[4]) has key 'output,2.5 V,Default,Series 50 Ohm without Calibration,--,FAST,0,--,0,--,--'
Info: Atom 426 (HEX2[5]) has key 'output,2.5 V,Default,Series 50 Ohm without Calibration,--,FAST,0,--,0,--,--'
Info: Atom 428 (HEX2[6]) has key 'output,2.5 V,Default,Series 50 Ohm without Calibration,--,FAST,0,--,0,--,--'
Info: Atom 430 (HEX2[7]) has key 'output,2.5 V,Default,Series 50 Ohm without Calibration,--,FAST,0,--,0,--,--'
Info: Atom 432 (HEX3[0]) has key 'output,2.5 V,Default,Series 50 Ohm without Calibration,--,FAST,0,--,0,--,--'
Info: Atom 434 (HEX3[1]) has key 'output,2.5 V,Default,Series 50 Ohm without Calibration,--,FAST,0,--,0,--,--'
Info: Atom 436 (HEX3[2]) has key 'output,2.5 V,Default,Series 50 Ohm without Calibration,--,FAST,0,--,0,--,--'
Info: Atom 438 (HEX3[3]) has key 'output,2.5 V,Default,Series 50 Ohm without Calibration,--,FAST,0,--,0,--,--'
Info: Atom 440 (HEX3[4]) has key 'output,2.5 V,Default,Series 50 Ohm without Calibration,--,FAST,0,--,0,--,--'
Info: Atom 442 (HEX3[5]) has key 'output,2.5 V,Default,Series 50 Ohm without Calibration,--,FAST,0,--,0,--,--'
Info: Atom 444 (HEX3[6]) has key 'output,2.5 V,Default,Series 50 Ohm without Calibration,--,FAST,0,--,0,--,--'
Info: Atom 446 (HEX3[7]) has key 'output,2.5 V,Default,Series 50 Ohm without Calibration,--,FAST,0,--,0,--,--'
Info: Atom 448 (HEX4[0]) has key 'output,2.5 V,Default,Series 50 Ohm without Calibration,--,FAST,0,--,0,--,--'
Info: Atom 450 (HEX4[1]) has key 'output,2.5 V,Default,Series 50 Ohm without Calibration,--,FAST,0,--,0,--,--'
Info: Atom 452 (HEX4[2]) has key 'output,2.5 V,Default,Series 50 Ohm without Calibration,--,FAST,0,--,0,--,--'
Info: Atom 454 (HEX4[3]) has key 'output,2.5 V,Default,Series 50 Ohm without Calibration,--,FAST,0,--,0,--,--'
Info: Atom 456 (HEX4[4]) has key 'output,2.5 V,Default,Series 50 Ohm without Calibration,--,FAST,0,--,0,--,--'
Info: Atom 458 (HEX4[5]) has key 'output,2.5 V,Default,Series 50 Ohm without Calibration,--,FAST,0,--,0,--,--'
Info: Atom 460 (HEX4[6]) has key 'output,2.5 V,Default,Series 50 Ohm without Calibration,--,FAST,0,--,0,--,--'
Info: Atom 462 (HEX4[7]) has key 'output,2.5 V,Default,Series 50 Ohm without Calibration,--,FAST,0,--,0,--,--'
Info: Atom 464 (HEX5[0]) has key 'output,2.5 V,Default,Series 50 Ohm without Calibration,--,FAST,0,--,0,--,--'
Info: Atom 466 (HEX5[1]) has key 'output,2.5 V,Default,Series 50 Ohm without Calibration,--,FAST,0,--,0,--,--'
Info: Atom 468 (HEX5[2]) has key 'output,2.5 V,Default,Series 50 Ohm without Calibration,--,FAST,0,--,0,--,--'
Info: Atom 470 (HEX5[3]) has key 'output,2.5 V,Default,Series 50 Ohm without Calibration,--,FAST,0,--,0,--,--'
Info: Atom 472 (HEX5[4]) has key 'output,2.5 V,Default,Series 50 Ohm without Calibration,--,FAST,0,--,0,--,--'
Info: Atom 474 (HEX5[5]) has key 'output,2.5 V,Default,Series 50 Ohm without Calibration,--,FAST,0,--,0,--,--'
Info: Atom 476 (HEX5[6]) has key 'output,2.5 V,Default,Series 50 Ohm without Calibration,--,FAST,0,--,0,--,--'
Info: Atom 478 (HEX5[7]) has key 'output,2.5 V,Default,Series 50 Ohm without Calibration,--,FAST,0,--,0,--,--'
Info: Atom 479 (GPIO_0[0]) has key 'bidir,2.5 V,Default,Series 50 Ohm without Calibration,Off,FAST,0,--,0,--,--'
Info: Atom 481 (GPIO_0[1]) has key 'bidir,2.5 V,Default,Series 50 Ohm without Calibration,Off,FAST,0,--,0,--,--'
Info: Atom 483 (GPIO_0[2]) has key 'bidir,2.5 V,Default,Series 50 Ohm without Calibration,Off,FAST,0,--,0,--,--'
Info: Atom 485 (GPIO_0[3]) has key 'bidir,2.5 V,Default,Series 50 Ohm without Calibration,Off,FAST,0,--,0,--,--'
Info: Atom 487 (GPIO_0[4]) has key 'bidir,2.5 V,Default,Series 50 Ohm without Calibration,Off,FAST,0,--,0,--,--'
Info: Atom 489 (GPIO_0[5]) has key 'bidir,2.5 V,Default,Series 50 Ohm without Calibration,Off,FAST,0,--,0,--,--'
Info: Atom 491 (GPIO_0[6]) has key 'bidir,2.5 V,Default,Series 50 Ohm without Calibration,Off,FAST,0,--,0,--,--'
Info: Atom 493 (GPIO_0[7]) has key 'bidir,2.5 V,Default,Series 50 Ohm without Calibration,Off,FAST,0,--,0,--,--'
Info: Atom 495 (GPIO_0[8]) has key 'bidir,2.5 V,Default,Series 50 Ohm without Calibration,Off,FAST,0,--,0,--,--'
Info: Atom 497 (GPIO_0[9]) has key 'bidir,2.5 V,Default,Series 50 Ohm without Calibration,Off,FAST,0,--,0,--,--'
Info: Atom 499 (GPIO_0[10]) has key 'bidir,2.5 V,Default,Series 50 Ohm without Calibration,Off,FAST,0,--,0,--,--'
Info: Atom 501 (GPIO_0[11]) has key 'bidir,2.5 V,Default,Series 50 Ohm without Calibration,Off,FAST,0,--,0,--,--'
Info: Atom 503 (GPIO_0[12]) has key 'bidir,2.5 V,Default,Series 50 Ohm without Calibration,Off,FAST,0,--,0,--,--'
Info: Atom 505 (GPIO_0[13]) has key 'bidir,2.5 V,Default,Series 50 Ohm without Calibration,Off,FAST,0,--,0,--,--'
Info: Atom 507 (GPIO_0[14]) has key 'bidir,2.5 V,Default,Series 50 Ohm without Calibration,Off,FAST,0,--,0,--,--'
Info: Atom 509 (GPIO_0[15]) has key 'bidir,2.5 V,Default,Series 50 Ohm without Calibration,Off,FAST,0,--,0,--,--'
Info: Atom 511 (GPIO_0[16]) has key 'bidir,2.5 V,Default,Series 50 Ohm without Calibration,Off,FAST,0,--,0,--,--'
Info: Atom 513 (GPIO_0[17]) has key 'bidir,2.5 V,Default,Series 50 Ohm without Calibration,Off,FAST,0,--,0,--,--'
Info: Atom 515 (GPIO_0[18]) has key 'bidir,2.5 V,Default,Series 50 Ohm without Calibration,Off,FAST,0,--,0,--,--'
Info: Atom 517 (GPIO_0[19]) has key 'bidir,2.5 V,Default,Series 50 Ohm without Calibration,Off,FAST,0,--,0,--,--'
Info: Atom 519 (GPIO_0[20]) has key 'bidir,2.5 V,Default,Series 50 Ohm without Calibration,Off,FAST,0,--,0,--,--'
Info: Atom 521 (GPIO_0[21]) has key 'bidir,2.5 V,Default,Series 50 Ohm without Calibration,Off,FAST,0,--,0,--,--'
Info: Atom 523 (GPIO_0[22]) has key 'bidir,2.5 V,Default,Series 50 Ohm without Calibration,Off,FAST,0,--,0,--,--'
Info: Atom 525 (GPIO_0[23]) has key 'bidir,2.5 V,Default,Series 50 Ohm without Calibration,Off,FAST,0,--,0,--,--'
Info: Atom 527 (GPIO_0[24]) has key 'bidir,2.5 V,Default,Series 50 Ohm without Calibration,Off,FAST,0,--,0,--,--'
Info: Atom 529 (GPIO_0[25]) has key 'bidir,2.5 V,Default,Series 50 Ohm without Calibration,Off,FAST,0,--,0,--,--'
Info: Atom 531 (GPIO_0[26]) has key 'bidir,2.5 V,Default,Series 50 Ohm without Calibration,Off,FAST,0,--,0,--,--'
Info: Atom 533 (GPIO_0[27]) has key 'bidir,2.5 V,Default,Series 50 Ohm without Calibration,Off,FAST,0,--,0,--,--'
Info: Atom 535 (GPIO_0[28]) has key 'bidir,2.5 V,Default,Series 50 Ohm without Calibration,Off,FAST,0,--,0,--,--'
Info: Atom 537 (GPIO_0[29]) has key 'bidir,2.5 V,Default,Series 50 Ohm without Calibration,Off,FAST,0,--,0,--,--'
Info: Atom 539 (GPIO_0[30]) has key 'bidir,2.5 V,Default,Series 50 Ohm without Calibration,Off,FAST,0,--,0,--,--'
Info: Atom 541 (GPIO_0[31]) has key 'bidir,2.5 V,Default,Series 50 Ohm without Calibration,Off,FAST,0,--,0,--,--'
Info: Atom 543 (GPIO_0[32]) has key 'bidir,2.5 V,Default,Series 50 Ohm without Calibration,Off,FAST,0,--,0,--,--'
Info: Atom 545 (GPIO_0[33]) has key 'bidir,2.5 V,Default,Series 50 Ohm without Calibration,Off,FAST,0,--,0,--,--'
Info: Atom 547 (GPIO_0[34]) has key 'bidir,2.5 V,Default,Series 50 Ohm without Calibration,Off,FAST,0,--,0,--,--'
Info: Atom 549 (GPIO_0[35]) has key 'bidir,2.5 V,Default,Series 50 Ohm without Calibration,Off,FAST,0,--,0,--,--'
Info: Atom 551 (GPIO_1[0]) has key 'bidir,2.5 V,Default,Series 50 Ohm without Calibration,Off,FAST,0,--,0,--,--'
Info: Atom 553 (GPIO_1[1]) has key 'bidir,2.5 V,Default,Series 50 Ohm without Calibration,Off,FAST,0,--,0,--,--'
Info: Atom 555 (GPIO_1[2]) has key 'bidir,2.5 V,Default,Series 50 Ohm without Calibration,Off,FAST,0,--,0,--,--'
Info: Atom 557 (GPIO_1[3]) has key 'bidir,2.5 V,Default,Series 50 Ohm without Calibration,Off,FAST,0,--,0,--,--'
Info: Atom 559 (GPIO_1[4]) has key 'bidir,2.5 V,Default,Series 50 Ohm without Calibration,Off,FAST,0,--,0,--,--'
Info: Atom 561 (GPIO_1[5]) has key 'bidir,2.5 V,Default,Series 50 Ohm without Calibration,Off,FAST,0,--,0,--,--'
Info: Atom 563 (GPIO_1[6]) has key 'bidir,2.5 V,Default,Series 50 Ohm without Calibration,Off,FAST,0,--,0,--,--'
Info: Atom 565 (GPIO_1[7]) has key 'bidir,2.5 V,Default,Series 50 Ohm without Calibration,Off,FAST,0,--,0,--,--'
Info: Atom 567 (GPIO_1[8]) has key 'bidir,2.5 V,Default,Series 50 Ohm without Calibration,Off,FAST,0,--,0,--,--'
Info: Atom 569 (GPIO_1[9]) has key 'bidir,2.5 V,Default,Series 50 Ohm without Calibration,Off,FAST,0,--,0,--,--'
Info: Atom 571 (GPIO_1[10]) has key 'bidir,2.5 V,Default,Series 50 Ohm without Calibration,Off,FAST,0,--,0,--,--'
Info: Atom 573 (GPIO_1[11]) has key 'bidir,2.5 V,Default,Series 50 Ohm without Calibration,Off,FAST,0,--,0,--,--'
Info: Atom 575 (GPIO_1[12]) has key 'bidir,2.5 V,Default,Series 50 Ohm without Calibration,Off,FAST,0,--,0,--,--'
Info: Atom 577 (GPIO_1[13]) has key 'bidir,2.5 V,Default,Series 50 Ohm without Calibration,Off,FAST,0,--,0,--,--'
Info: Atom 579 (GPIO_1[14]) has key 'bidir,2.5 V,Default,Series 50 Ohm without Calibration,Off,FAST,0,--,0,--,--'
Info: Atom 581 (GPIO_1[15]) has key 'bidir,2.5 V,Default,Series 50 Ohm without Calibration,Off,FAST,0,--,0,--,--'
Info: Atom 583 (GPIO_1[16]) has key 'bidir,2.5 V,Default,Series 50 Ohm without Calibration,Off,FAST,0,--,0,--,--'
Info: Atom 585 (GPIO_1[17]) has key 'bidir,2.5 V,Default,Series 50 Ohm without Calibration,Off,FAST,0,--,0,--,--'
Info: Atom 587 (GPIO_1[18]) has key 'bidir,2.5 V,Default,Series 50 Ohm without Calibration,Off,FAST,0,--,0,--,--'
Info: Atom 589 (GPIO_1[19]) has key 'bidir,2.5 V,Default,Series 50 Ohm without Calibration,Off,FAST,0,--,0,--,--'
Info: Atom 591 (GPIO_1[20]) has key 'bidir,2.5 V,Default,Series 50 Ohm without Calibration,Off,FAST,0,--,0,--,--'
Info: Atom 593 (GPIO_1[21]) has key 'bidir,2.5 V,Default,Series 50 Ohm without Calibration,Off,FAST,0,--,0,--,--'
Info: Atom 595 (GPIO_1[22]) has key 'bidir,2.5 V,Default,Series 50 Ohm without Calibration,Off,FAST,0,--,0,--,--'
Info: Atom 597 (GPIO_1[23]) has key 'bidir,2.5 V,Default,Series 50 Ohm without Calibration,Off,FAST,0,--,0,--,--'
Info: Atom 599 (GPIO_1[24]) has key 'bidir,2.5 V,Default,Series 50 Ohm without Calibration,Off,FAST,0,--,0,--,--'
Info: Atom 601 (GPIO_1[25]) has key 'bidir,2.5 V,Default,Series 50 Ohm without Calibration,Off,FAST,0,--,0,--,--'
Info: Atom 603 (GPIO_1[26]) has key 'bidir,2.5 V,Default,Series 50 Ohm without Calibration,Off,FAST,0,--,0,--,--'
Info: Atom 605 (GPIO_1[27]) has key 'bidir,2.5 V,Default,Series 50 Ohm without Calibration,Off,FAST,0,--,0,--,--'
Info: Atom 607 (GPIO_1[28]) has key 'bidir,2.5 V,Default,Series 50 Ohm without Calibration,Off,FAST,0,--,0,--,--'
Info: Atom 609 (GPIO_1[29]) has key 'bidir,2.5 V,Default,Series 50 Ohm without Calibration,Off,FAST,0,--,0,--,--'
Info: Atom 611 (GPIO_1[30]) has key 'bidir,2.5 V,Default,Series 50 Ohm without Calibration,Off,FAST,0,--,0,--,--'
Info: Atom 613 (GPIO_1[31]) has key 'bidir,2.5 V,Default,Series 50 Ohm without Calibration,Off,FAST,0,--,0,--,--'
Info: Atom 615 (GPIO_1[32]) has key 'bidir,2.5 V,Default,Series 50 Ohm without Calibration,Off,FAST,0,--,0,--,--'
Info: Atom 617 (GPIO_1[33]) has key 'bidir,2.5 V,Default,Series 50 Ohm without Calibration,Off,FAST,0,--,0,--,--'
Info: Atom 619 (GPIO_1[34]) has key 'bidir,2.5 V,Default,Series 50 Ohm without Calibration,Off,FAST,0,--,0,--,--'
Info: Atom 621 (GPIO_1[35]) has key 'bidir,2.5 V,Default,Series 50 Ohm without Calibration,Off,FAST,0,--,0,--,--'
Info: Atom 624 (RESET_N) has key 'input,2.5 V,--,--,Off,--,0,--,0,--,--'
Info: Atom 626 (CLOCK_50) has key 'input,2.5 V,--,--,Off,--,0,--,0,--,--'
Info: FPGA Xchange file E:/projects/circuits/demo/board/fpgaxchange/wrapper.fx generated successfully
