Analysis & Elaboration report for wrapper
Tue Sep 14 20:23:57 2021
Quartus Prime Version 20.1.1 Build 720 11/11/2020 SJ Lite Edition


---------------------
; Table of Contents ;
---------------------
  1. Legal Notice
  2. Analysis & Elaboration Summary
  3. Parallel Compilation
  4. Parameter Settings for User Entity Instance: clk_divider:i_clk_divider
  5. Analysis & Elaboration Settings
  6. Port Connectivity Checks: "SEG7_LUT:u0"
  7. Analysis & Elaboration Messages



----------------
; Legal Notice ;
----------------
Copyright (C) 2020  Intel Corporation. All rights reserved.
Your use of Intel Corporation's design tools, logic functions 
and other software and tools, and any partner logic 
functions, and any output files from any of the foregoing 
(including device programming or simulation files), and any 
associated documentation or information are expressly subject 
to the terms and conditions of the Intel Program License 
Subscription Agreement, the Intel Quartus Prime License Agreement,
the Intel FPGA IP License Agreement, or other applicable license
agreement, including, without limitation, that your use is for
the sole purpose of programming logic devices manufactured by
Intel and sold by Intel or its authorized distributors.  Please
refer to the applicable agreement for further details, at
https://fpgasoftware.intel.com/eula.



+-----------------------------------------------------------------------------+
; Analysis & Elaboration Summary                                              ;
+-------------------------------+---------------------------------------------+
; Analysis & Elaboration Status ; Successful - Tue Sep 14 20:23:57 2021       ;
; Quartus Prime Version         ; 20.1.1 Build 720 11/11/2020 SJ Lite Edition ;
; Revision Name                 ; wrapper                                     ;
; Top-level Entity Name         ; wrapper                                     ;
; Family                        ; Cyclone V                                   ;
; Logic utilization (in ALMs)   ; N/A until Partition Merge                   ;
; Total registers               ; N/A until Partition Merge                   ;
; Total pins                    ; N/A until Partition Merge                   ;
; Total virtual pins            ; N/A until Partition Merge                   ;
; Total block memory bits       ; N/A until Partition Merge                   ;
; Total PLLs                    ; N/A until Partition Merge                   ;
; Total DLLs                    ; N/A until Partition Merge                   ;
+-------------------------------+---------------------------------------------+


+------------------------------------------+
; Parallel Compilation                     ;
+----------------------------+-------------+
; Processors                 ; Number      ;
+----------------------------+-------------+
; Number detected on machine ; 8           ;
; Maximum allowed            ; 4           ;
;                            ;             ;
; Average used               ; 1.00        ;
; Maximum used               ; 1           ;
;                            ;             ;
; Usage by Processor         ; % Time Used ;
;     Processor 1            ; 100.0%      ;
+----------------------------+-------------+


+------------------------------------------------------------------------+
; Parameter Settings for User Entity Instance: clk_divider:i_clk_divider ;
+----------------+-------+-----------------------------------------------+
; Parameter Name ; Value ; Type                                          ;
+----------------+-------+-----------------------------------------------+
; w              ; 24    ; Signed Integer                                ;
+----------------+-------+-----------------------------------------------+
Note: In order to hide this table in the UI and the text report file, please set the "Show Parameter Settings in Synthesis Report" option in "Analysis and Synthesis Settings -> More Settings" to "Off".


+---------------------------------------------------------------------------------------------------------------------------+
; Analysis & Elaboration Settings                                                                                           ;
+---------------------------------------------------------------------------------+--------------------+--------------------+
; Option                                                                          ; Setting            ; Default Value      ;
+---------------------------------------------------------------------------------+--------------------+--------------------+
; Device                                                                          ; 5CEBA4F23C7        ;                    ;
; Top-level entity name                                                           ; wrapper            ; wrapper            ;
; Family name                                                                     ; Cyclone V          ; Cyclone V          ;
; Type of Retiming Performed During Resynthesis                                   ; Full               ;                    ;
; Resynthesis Optimization Effort                                                 ; Normal             ;                    ;
; Physical Synthesis Level for Resynthesis                                        ; Normal             ;                    ;
; Use Generated Physical Constraints File                                         ; On                 ;                    ;
; Use smart compilation                                                           ; Off                ; Off                ;
; Enable parallel Assembler and Timing Analyzer during compilation                ; On                 ; On                 ;
; Enable compact report table                                                     ; Off                ; Off                ;
; Restructure Multiplexers                                                        ; Auto               ; Auto               ;
; MLAB Add Timing Constraints For Mixed-Port Feed-Through Mode Setting Don't Care ; Off                ; Off                ;
; Create Debugging Nodes for IP Cores                                             ; Off                ; Off                ;
; Preserve fewer node names                                                       ; On                 ; On                 ;
; Intel FPGA IP Evaluation Mode                                                   ; Enable             ; Enable             ;
; Verilog Version                                                                 ; Verilog_2001       ; Verilog_2001       ;
; VHDL Version                                                                    ; VHDL_1993          ; VHDL_1993          ;
; State Machine Processing                                                        ; Auto               ; Auto               ;
; Safe State Machine                                                              ; Off                ; Off                ;
; Extract Verilog State Machines                                                  ; On                 ; On                 ;
; Extract VHDL State Machines                                                     ; On                 ; On                 ;
; Ignore Verilog initial constructs                                               ; Off                ; Off                ;
; Iteration limit for constant Verilog loops                                      ; 5000               ; 5000               ;
; Iteration limit for non-constant Verilog loops                                  ; 250                ; 250                ;
; Add Pass-Through Logic to Inferred RAMs                                         ; On                 ; On                 ;
; Infer RAMs from Raw Logic                                                       ; On                 ; On                 ;
; Parallel Synthesis                                                              ; On                 ; On                 ;
; DSP Block Balancing                                                             ; Auto               ; Auto               ;
; NOT Gate Push-Back                                                              ; On                 ; On                 ;
; Power-Up Don't Care                                                             ; On                 ; On                 ;
; Remove Redundant Logic Cells                                                    ; Off                ; Off                ;
; Remove Duplicate Registers                                                      ; On                 ; On                 ;
; Ignore CARRY Buffers                                                            ; Off                ; Off                ;
; Ignore CASCADE Buffers                                                          ; Off                ; Off                ;
; Ignore GLOBAL Buffers                                                           ; Off                ; Off                ;
; Ignore ROW GLOBAL Buffers                                                       ; Off                ; Off                ;
; Ignore LCELL Buffers                                                            ; Off                ; Off                ;
; Ignore SOFT Buffers                                                             ; On                 ; On                 ;
; Limit AHDL Integers to 32 Bits                                                  ; Off                ; Off                ;
; Optimization Technique                                                          ; Balanced           ; Balanced           ;
; Carry Chain Length                                                              ; 70                 ; 70                 ;
; Auto Carry Chains                                                               ; On                 ; On                 ;
; Auto Open-Drain Pins                                                            ; On                 ; On                 ;
; Perform WYSIWYG Primitive Resynthesis                                           ; Off                ; Off                ;
; Auto ROM Replacement                                                            ; On                 ; On                 ;
; Auto RAM Replacement                                                            ; On                 ; On                 ;
; Auto DSP Block Replacement                                                      ; On                 ; On                 ;
; Auto Shift Register Replacement                                                 ; Auto               ; Auto               ;
; Allow Shift Register Merging across Hierarchies                                 ; Auto               ; Auto               ;
; Auto Clock Enable Replacement                                                   ; On                 ; On                 ;
; Strict RAM Replacement                                                          ; Off                ; Off                ;
; Allow Synchronous Control Signals                                               ; On                 ; On                 ;
; Force Use of Synchronous Clear Signals                                          ; Off                ; Off                ;
; Auto Resource Sharing                                                           ; Off                ; Off                ;
; Allow Any RAM Size For Recognition                                              ; Off                ; Off                ;
; Allow Any ROM Size For Recognition                                              ; Off                ; Off                ;
; Allow Any Shift Register Size For Recognition                                   ; Off                ; Off                ;
; Use LogicLock Constraints during Resource Balancing                             ; On                 ; On                 ;
; Ignore translate_off and synthesis_off directives                               ; Off                ; Off                ;
; Timing-Driven Synthesis                                                         ; On                 ; On                 ;
; Report Parameter Settings                                                       ; On                 ; On                 ;
; Report Source Assignments                                                       ; On                 ; On                 ;
; Report Connectivity Checks                                                      ; On                 ; On                 ;
; Ignore Maximum Fan-Out Assignments                                              ; Off                ; Off                ;
; Synchronization Register Chain Length                                           ; 3                  ; 3                  ;
; Power Optimization During Synthesis                                             ; Normal compilation ; Normal compilation ;
; HDL message level                                                               ; Level2             ; Level2             ;
; Suppress Register Optimization Related Messages                                 ; Off                ; Off                ;
; Number of Removed Registers Reported in Synthesis Report                        ; 5000               ; 5000               ;
; Number of Swept Nodes Reported in Synthesis Report                              ; 5000               ; 5000               ;
; Number of Inverted Registers Reported in Synthesis Report                       ; 100                ; 100                ;
; Clock MUX Protection                                                            ; On                 ; On                 ;
; Auto Gated Clock Conversion                                                     ; Off                ; Off                ;
; Block Design Naming                                                             ; Auto               ; Auto               ;
; SDC constraint protection                                                       ; Off                ; Off                ;
; Synthesis Effort                                                                ; Auto               ; Auto               ;
; Shift Register Replacement - Allow Asynchronous Clear Signal                    ; On                 ; On                 ;
; Pre-Mapping Resynthesis Optimization                                            ; Off                ; Off                ;
; Analysis & Synthesis Message Level                                              ; Medium             ; Medium             ;
; Disable Register Merging Across Hierarchies                                     ; Auto               ; Auto               ;
; Resource Aware Inference For Block RAM                                          ; On                 ; On                 ;
; Automatic Parallel Synthesis                                                    ; On                 ; On                 ;
; Partial Reconfiguration Bitstream ID                                            ; Off                ; Off                ;
+---------------------------------------------------------------------------------+--------------------+--------------------+


+--------------------------------------------------------------------------------------------------------------------------------------------------------------------------------------------------+
; Port Connectivity Checks: "SEG7_LUT:u0"                                                                                                                                                          ;
+------+--------+----------+-----------------------------------------------------------------------------------------------------------------------------------------------------------------------+
; Port ; Type   ; Severity ; Details                                                                                                                                                               ;
+------+--------+----------+-----------------------------------------------------------------------------------------------------------------------------------------------------------------------+
; oSEG ; Output ; Warning  ; Output or bidir port (7 bits) is smaller than the port expression (8 bits) it drives.  The 1 most-significant bit(s) in the port expression will be connected to GND. ;
+------+--------+----------+-----------------------------------------------------------------------------------------------------------------------------------------------------------------------+


+---------------------------------+
; Analysis & Elaboration Messages ;
+---------------------------------+
Info: *******************************************************************
Info: Running Quartus Prime Analysis & Elaboration
    Info: Version 20.1.1 Build 720 11/11/2020 SJ Lite Edition
    Info: Processing started: Tue Sep 14 20:23:41 2021
Info: Command: quartus_map --read_settings_files=on --write_settings_files=off linked_list -c wrapper --analysis_and_elaboration
Warning (18236): Number of processors has not been specified which may cause overloading on shared machines.  Set the global assignment NUM_PARALLEL_PROCESSORS in your QSF to an appropriate value for best performance.
Info (20030): Parallel compilation is enabled and will use 4 of the 4 processors detected
Info (12021): Found 8 design units, including 8 entities, in source file v/design.sv
    Info (12023): Found entity 1: start_req_gen File: E:/projects/circuits/demo/demo_step5/V/design.sv Line: 14
    Info (12023): Found entity 2: init File: E:/projects/circuits/demo/demo_step5/V/design.sv Line: 44
    Info (12023): Found entity 3: accum File: E:/projects/circuits/demo/demo_step5/V/design.sv Line: 90
    Info (12023): Found entity 4: memory File: E:/projects/circuits/demo/demo_step5/V/design.sv Line: 130
    Info (12023): Found entity 5: pr_en File: E:/projects/circuits/demo/demo_step5/V/design.sv Line: 160
    Info (12023): Found entity 6: filter File: E:/projects/circuits/demo/demo_step5/V/design.sv Line: 173
    Info (12023): Found entity 7: ptr_seq_gen File: E:/projects/circuits/demo/demo_step5/V/design.sv Line: 192
    Info (12023): Found entity 8: req_gen File: E:/projects/circuits/demo/demo_step5/V/design.sv Line: 287
Warning (10275): Verilog HDL Module Instantiation warning at wrapper.v(49): ignored dangling comma in List of Port Connections File: E:/projects/circuits/demo/common/wrapper.v Line: 49
Info (12021): Found 1 design units, including 1 entities, in source file /projects/circuits/demo/common/wrapper.v
    Info (12023): Found entity 1: wrapper File: E:/projects/circuits/demo/common/wrapper.v Line: 1
Info (12021): Found 1 design units, including 1 entities, in source file /projects/circuits/demo/common/strobe_generator.v
    Info (12023): Found entity 1: strobe_generator File: E:/projects/circuits/demo/common/strobe_generator.v Line: 1
Info (12021): Found 1 design units, including 1 entities, in source file /projects/circuits/demo/common/seg7_lut.v
    Info (12023): Found entity 1: SEG7_LUT File: E:/projects/circuits/demo/common/SEG7_LUT.v Line: 1
Info (12021): Found 1 design units, including 1 entities, in source file /projects/circuits/demo/common/clk_divider.v
    Info (12023): Found entity 1: clk_divider File: E:/projects/circuits/demo/common/clk_divider.v Line: 1
Info (12127): Elaborating entity "wrapper" for the top level hierarchy
Info (12128): Elaborating entity "clk_divider" for hierarchy "clk_divider:i_clk_divider" File: E:/projects/circuits/demo/common/wrapper.v Line: 37
Info (12128): Elaborating entity "req_gen" for hierarchy "req_gen:i_req_gen" File: E:/projects/circuits/demo/common/wrapper.v Line: 47
Info (12128): Elaborating entity "init" for hierarchy "req_gen:i_req_gen|init:i_init" File: E:/projects/circuits/demo/demo_step5/V/design.sv Line: 297
Warning (10230): Verilog HDL assignment warning at design.sv(83): truncated value with size 32 to match size of target (4) File: E:/projects/circuits/demo/demo_step5/V/design.sv Line: 83
Info (12128): Elaborating entity "start_req_gen" for hierarchy "req_gen:i_req_gen|start_req_gen:i_start_req_gen" File: E:/projects/circuits/demo/demo_step5/V/design.sv Line: 298
Info (12128): Elaborating entity "ptr_seq_gen" for hierarchy "req_gen:i_req_gen|ptr_seq_gen:i_ptr_seq_gen" File: E:/projects/circuits/demo/demo_step5/V/design.sv Line: 299
Warning (10230): Verilog HDL assignment warning at design.sv(210): truncated value with size 32 to match size of target (2) File: E:/projects/circuits/demo/demo_step5/V/design.sv Line: 210
Info (10041): Inferred latch for "buffer[0][0]" at design.sv(250) File: E:/projects/circuits/demo/demo_step5/V/design.sv Line: 250
Info (10041): Inferred latch for "buffer[0][1]" at design.sv(250) File: E:/projects/circuits/demo/demo_step5/V/design.sv Line: 250
Info (10041): Inferred latch for "buffer[0][2]" at design.sv(250) File: E:/projects/circuits/demo/demo_step5/V/design.sv Line: 250
Info (10041): Inferred latch for "buffer[0][3]" at design.sv(250) File: E:/projects/circuits/demo/demo_step5/V/design.sv Line: 250
Info (10041): Inferred latch for "buffer[1][0]" at design.sv(250) File: E:/projects/circuits/demo/demo_step5/V/design.sv Line: 250
Info (10041): Inferred latch for "buffer[1][1]" at design.sv(250) File: E:/projects/circuits/demo/demo_step5/V/design.sv Line: 250
Info (10041): Inferred latch for "buffer[1][2]" at design.sv(250) File: E:/projects/circuits/demo/demo_step5/V/design.sv Line: 250
Info (10041): Inferred latch for "buffer[1][3]" at design.sv(250) File: E:/projects/circuits/demo/demo_step5/V/design.sv Line: 250
Info (10041): Inferred latch for "buffer[2][0]" at design.sv(250) File: E:/projects/circuits/demo/demo_step5/V/design.sv Line: 250
Info (10041): Inferred latch for "buffer[2][1]" at design.sv(250) File: E:/projects/circuits/demo/demo_step5/V/design.sv Line: 250
Info (10041): Inferred latch for "buffer[2][2]" at design.sv(250) File: E:/projects/circuits/demo/demo_step5/V/design.sv Line: 250
Info (10041): Inferred latch for "buffer[2][3]" at design.sv(250) File: E:/projects/circuits/demo/demo_step5/V/design.sv Line: 250
Info (12128): Elaborating entity "accum" for hierarchy "req_gen:i_req_gen|ptr_seq_gen:i_ptr_seq_gen|accum:i_accum" File: E:/projects/circuits/demo/demo_step5/V/design.sv Line: 221
Warning (10230): Verilog HDL assignment warning at design.sv(101): truncated value with size 32 to match size of target (2) File: E:/projects/circuits/demo/demo_step5/V/design.sv Line: 101
Info (12128): Elaborating entity "filter" for hierarchy "req_gen:i_req_gen|ptr_seq_gen:i_ptr_seq_gen|accum:i_accum|filter:i_filter" File: E:/projects/circuits/demo/demo_step5/V/design.sv Line: 106
Warning (10230): Verilog HDL assignment warning at design.sv(186): truncated value with size 32 to match size of target (4) File: E:/projects/circuits/demo/demo_step5/V/design.sv Line: 186
Info (12128): Elaborating entity "pr_en" for hierarchy "req_gen:i_req_gen|ptr_seq_gen:i_ptr_seq_gen|accum:i_accum|filter:i_filter|pr_en:i_pr_en" File: E:/projects/circuits/demo/demo_step5/V/design.sv Line: 182
Warning (10230): Verilog HDL assignment warning at design.sv(165): truncated value with size 32 to match size of target (3) File: E:/projects/circuits/demo/demo_step5/V/design.sv Line: 165
Warning (10230): Verilog HDL assignment warning at design.sv(168): truncated value with size 32 to match size of target (3) File: E:/projects/circuits/demo/demo_step5/V/design.sv Line: 168
Info (12128): Elaborating entity "memory" for hierarchy "req_gen:i_req_gen|ptr_seq_gen:i_ptr_seq_gen|memory:i_memory" File: E:/projects/circuits/demo/demo_step5/V/design.sv Line: 223
Info (10008): Verilog HDL or VHDL information: EDA Netlist Writer cannot regroup multidimensional array "rdarray" into its bus
Info (12128): Elaborating entity "SEG7_LUT" for hierarchy "SEG7_LUT:u0" File: E:/projects/circuits/demo/common/wrapper.v Line: 49
Warning (12241): 1 hierarchies have connectivity warnings - see the Connectivity Checks report folder
Info: Quartus Prime Analysis & Elaboration was successful. 0 errors, 9 warnings
    Info: Peak virtual memory: 4770 megabytes
    Info: Processing ended: Tue Sep 14 20:23:57 2021
    Info: Elapsed time: 00:00:16
    Info: Total CPU time (on all processors): 00:00:30


