Analysis & Synthesis report for wrapper
Mon Sep 13 17:09:03 2021
Quartus Prime Version 20.1.1 Build 720 11/11/2020 SJ Lite Edition


---------------------
; Table of Contents ;
---------------------
  1. Legal Notice
  2. Analysis & Synthesis Summary
  3. Analysis & Synthesis Settings
  4. Parallel Compilation
  5. Analysis & Synthesis Source Files Read
  6. Analysis & Synthesis Resource Usage Summary
  7. Analysis & Synthesis Resource Utilization by Entity
  8. Registers Removed During Synthesis
  9. General Register Statistics
 10. Multiplexer Restructuring Statistics (Restructuring Performed)
 11. Parameter Settings for User Entity Instance: clk_divider:i_clk_divider
 12. Parameter Settings for User Entity Instance: strobe_generator:i_strobe_generator
 13. Port Connectivity Checks: "SEG7_LUT:u5"
 14. Port Connectivity Checks: "SEG7_LUT:u4"
 15. Port Connectivity Checks: "SEG7_LUT:u3"
 16. Port Connectivity Checks: "SEG7_LUT:u2"
 17. Port Connectivity Checks: "SEG7_LUT:u1"
 18. Port Connectivity Checks: "SEG7_LUT:u0"
 19. Port Connectivity Checks: "strobe_generator:i_strobe_generator"
 20. Port Connectivity Checks: "clk_divider:i_clk_divider"
 21. Post-Synthesis Netlist Statistics for Top Partition
 22. Elapsed Time Per Partition
 23. Analysis & Synthesis Messages



----------------
; Legal Notice ;
----------------
Copyright (C) 2020  Intel Corporation. All rights reserved.
Your use of Intel Corporation's design tools, logic functions 
and other software and tools, and any partner logic 
functions, and any output files from any of the foregoing 
(including device programming or simulation files), and any 
associated documentation or information are expressly subject 
to the terms and conditions of the Intel Program License 
Subscription Agreement, the Intel Quartus Prime License Agreement,
the Intel FPGA IP License Agreement, or other applicable license
agreement, including, without limitation, that your use is for
the sole purpose of programming logic devices manufactured by
Intel and sold by Intel or its authorized distributors.  Please
refer to the applicable agreement for further details, at
https://fpgasoftware.intel.com/eula.



+-------------------------------------------------------------------------------+
; Analysis & Synthesis Summary                                                  ;
+---------------------------------+---------------------------------------------+
; Analysis & Synthesis Status     ; Successful - Mon Sep 13 17:09:03 2021       ;
; Quartus Prime Version           ; 20.1.1 Build 720 11/11/2020 SJ Lite Edition ;
; Revision Name                   ; wrapper                                     ;
; Top-level Entity Name           ; wrapper                                     ;
; Family                          ; Cyclone V                                   ;
; Logic utilization (in ALMs)     ; N/A                                         ;
; Total registers                 ; 37                                          ;
; Total pins                      ; 149                                         ;
; Total virtual pins              ; 0                                           ;
; Total block memory bits         ; 0                                           ;
; Total DSP Blocks                ; 0                                           ;
; Total HSSI RX PCSs              ; 0                                           ;
; Total HSSI PMA RX Deserializers ; 0                                           ;
; Total HSSI TX PCSs              ; 0                                           ;
; Total HSSI PMA TX Serializers   ; 0                                           ;
; Total PLLs                      ; 0                                           ;
; Total DLLs                      ; 0                                           ;
+---------------------------------+---------------------------------------------+


+---------------------------------------------------------------------------------------------------------------------------+
; Analysis & Synthesis Settings                                                                                             ;
+---------------------------------------------------------------------------------+--------------------+--------------------+
; Option                                                                          ; Setting            ; Default Value      ;
+---------------------------------------------------------------------------------+--------------------+--------------------+
; Device                                                                          ; 5CEBA4F23C7        ;                    ;
; Top-level entity name                                                           ; wrapper            ; wrapper            ;
; Family name                                                                     ; Cyclone V          ; Cyclone V          ;
; Type of Retiming Performed During Resynthesis                                   ; Full               ;                    ;
; Resynthesis Optimization Effort                                                 ; Normal             ;                    ;
; Physical Synthesis Level for Resynthesis                                        ; Normal             ;                    ;
; Use Generated Physical Constraints File                                         ; On                 ;                    ;
; Use smart compilation                                                           ; Off                ; Off                ;
; Enable parallel Assembler and Timing Analyzer during compilation                ; On                 ; On                 ;
; Enable compact report table                                                     ; Off                ; Off                ;
; Restructure Multiplexers                                                        ; Auto               ; Auto               ;
; MLAB Add Timing Constraints For Mixed-Port Feed-Through Mode Setting Don't Care ; Off                ; Off                ;
; Create Debugging Nodes for IP Cores                                             ; Off                ; Off                ;
; Preserve fewer node names                                                       ; On                 ; On                 ;
; Intel FPGA IP Evaluation Mode                                                   ; Enable             ; Enable             ;
; Verilog Version                                                                 ; Verilog_2001       ; Verilog_2001       ;
; VHDL Version                                                                    ; VHDL_1993          ; VHDL_1993          ;
; State Machine Processing                                                        ; Auto               ; Auto               ;
; Safe State Machine                                                              ; Off                ; Off                ;
; Extract Verilog State Machines                                                  ; On                 ; On                 ;
; Extract VHDL State Machines                                                     ; On                 ; On                 ;
; Ignore Verilog initial constructs                                               ; Off                ; Off                ;
; Iteration limit for constant Verilog loops                                      ; 5000               ; 5000               ;
; Iteration limit for non-constant Verilog loops                                  ; 250                ; 250                ;
; Add Pass-Through Logic to Inferred RAMs                                         ; On                 ; On                 ;
; Infer RAMs from Raw Logic                                                       ; On                 ; On                 ;
; Parallel Synthesis                                                              ; On                 ; On                 ;
; DSP Block Balancing                                                             ; Auto               ; Auto               ;
; NOT Gate Push-Back                                                              ; On                 ; On                 ;
; Power-Up Don't Care                                                             ; On                 ; On                 ;
; Remove Redundant Logic Cells                                                    ; Off                ; Off                ;
; Remove Duplicate Registers                                                      ; On                 ; On                 ;
; Ignore CARRY Buffers                                                            ; Off                ; Off                ;
; Ignore CASCADE Buffers                                                          ; Off                ; Off                ;
; Ignore GLOBAL Buffers                                                           ; Off                ; Off                ;
; Ignore ROW GLOBAL Buffers                                                       ; Off                ; Off                ;
; Ignore LCELL Buffers                                                            ; Off                ; Off                ;
; Ignore SOFT Buffers                                                             ; On                 ; On                 ;
; Limit AHDL Integers to 32 Bits                                                  ; Off                ; Off                ;
; Optimization Technique                                                          ; Balanced           ; Balanced           ;
; Carry Chain Length                                                              ; 70                 ; 70                 ;
; Auto Carry Chains                                                               ; On                 ; On                 ;
; Auto Open-Drain Pins                                                            ; On                 ; On                 ;
; Perform WYSIWYG Primitive Resynthesis                                           ; Off                ; Off                ;
; Auto ROM Replacement                                                            ; On                 ; On                 ;
; Auto RAM Replacement                                                            ; On                 ; On                 ;
; Auto DSP Block Replacement                                                      ; On                 ; On                 ;
; Auto Shift Register Replacement                                                 ; Auto               ; Auto               ;
; Allow Shift Register Merging across Hierarchies                                 ; Auto               ; Auto               ;
; Auto Clock Enable Replacement                                                   ; On                 ; On                 ;
; Strict RAM Replacement                                                          ; Off                ; Off                ;
; Allow Synchronous Control Signals                                               ; On                 ; On                 ;
; Force Use of Synchronous Clear Signals                                          ; Off                ; Off                ;
; Auto Resource Sharing                                                           ; Off                ; Off                ;
; Allow Any RAM Size For Recognition                                              ; Off                ; Off                ;
; Allow Any ROM Size For Recognition                                              ; Off                ; Off                ;
; Allow Any Shift Register Size For Recognition                                   ; Off                ; Off                ;
; Use LogicLock Constraints during Resource Balancing                             ; On                 ; On                 ;
; Ignore translate_off and synthesis_off directives                               ; Off                ; Off                ;
; Timing-Driven Synthesis                                                         ; On                 ; On                 ;
; Report Parameter Settings                                                       ; On                 ; On                 ;
; Report Source Assignments                                                       ; On                 ; On                 ;
; Report Connectivity Checks                                                      ; On                 ; On                 ;
; Ignore Maximum Fan-Out Assignments                                              ; Off                ; Off                ;
; Synchronization Register Chain Length                                           ; 3                  ; 3                  ;
; Power Optimization During Synthesis                                             ; Normal compilation ; Normal compilation ;
; HDL message level                                                               ; Level2             ; Level2             ;
; Suppress Register Optimization Related Messages                                 ; Off                ; Off                ;
; Number of Removed Registers Reported in Synthesis Report                        ; 5000               ; 5000               ;
; Number of Swept Nodes Reported in Synthesis Report                              ; 5000               ; 5000               ;
; Number of Inverted Registers Reported in Synthesis Report                       ; 100                ; 100                ;
; Clock MUX Protection                                                            ; On                 ; On                 ;
; Auto Gated Clock Conversion                                                     ; Off                ; Off                ;
; Block Design Naming                                                             ; Auto               ; Auto               ;
; SDC constraint protection                                                       ; Off                ; Off                ;
; Synthesis Effort                                                                ; Auto               ; Auto               ;
; Shift Register Replacement - Allow Asynchronous Clear Signal                    ; On                 ; On                 ;
; Pre-Mapping Resynthesis Optimization                                            ; Off                ; Off                ;
; Analysis & Synthesis Message Level                                              ; Medium             ; Medium             ;
; Disable Register Merging Across Hierarchies                                     ; Auto               ; Auto               ;
; Resource Aware Inference For Block RAM                                          ; On                 ; On                 ;
; Automatic Parallel Synthesis                                                    ; On                 ; On                 ;
; Partial Reconfiguration Bitstream ID                                            ; Off                ; Off                ;
+---------------------------------------------------------------------------------+--------------------+--------------------+


+------------------------------------------+
; Parallel Compilation                     ;
+----------------------------+-------------+
; Processors                 ; Number      ;
+----------------------------+-------------+
; Number detected on machine ; 8           ;
; Maximum allowed            ; 4           ;
;                            ;             ;
; Average used               ; 1.00        ;
; Maximum used               ; 4           ;
;                            ;             ;
; Usage by Processor         ; % Time Used ;
;     Processor 1            ; 100.0%      ;
;     Processors 2-4         ;   0.0%      ;
+----------------------------+-------------+


+----------------------------------------------------------------------------------------------------------------------------------------------+
; Analysis & Synthesis Source Files Read                                                                                                       ;
+----------------------------------+-----------------+------------------------------+------------------------------------------------+---------+
; File Name with User-Entered Path ; Used in Netlist ; File Type                    ; File Name with Absolute Path                   ; Library ;
+----------------------------------+-----------------+------------------------------+------------------------------------------------+---------+
; V/wrapper.v                      ; yes             ; User Verilog HDL File        ; E:/projects/circuits/demo/V/wrapper.v          ;         ;
; V/strobe_generator.v             ; yes             ; User Verilog HDL File        ; E:/projects/circuits/demo/V/strobe_generator.v ;         ;
; V/SEG7_LUT.v                     ; yes             ; User Verilog HDL File        ; E:/projects/circuits/demo/V/SEG7_LUT.v         ;         ;
; V/design.sv                      ; yes             ; User SystemVerilog HDL File  ; E:/projects/circuits/demo/V/design.sv          ;         ;
; V/clk_divider.v                  ; yes             ; User Verilog HDL File        ; E:/projects/circuits/demo/V/clk_divider.v      ;         ;
+----------------------------------+-----------------+------------------------------+------------------------------------------------+---------+


+-------------------------------------------------------------+
; Analysis & Synthesis Resource Usage Summary                 ;
+---------------------------------------------+---------------+
; Resource                                    ; Usage         ;
+---------------------------------------------+---------------+
; Estimate of Logic utilization (ALMs needed) ; 36            ;
;                                             ;               ;
; Combinational ALUT usage for logic          ; 68            ;
;     -- 7 input functions                    ; 0             ;
;     -- 6 input functions                    ; 3             ;
;     -- 5 input functions                    ; 2             ;
;     -- 4 input functions                    ; 26            ;
;     -- <=3 input functions                  ; 37            ;
;                                             ;               ;
; Dedicated logic registers                   ; 37            ;
;                                             ;               ;
; I/O pins                                    ; 149           ;
;                                             ;               ;
; Total DSP Blocks                            ; 0             ;
;                                             ;               ;
; Maximum fan-out node                        ; RESET_N~input ;
; Maximum fan-out                             ; 39            ;
; Total fan-out                               ; 587           ;
; Average fan-out                             ; 1.24          ;
+---------------------------------------------+---------------+


+------------------------------------------------------------------------------------------------------------------------------------------------------------------------------------------------------------------------------------------+
; Analysis & Synthesis Resource Utilization by Entity                                                                                                                                                                                      ;
+---------------------------------------+---------------------+---------------------------+-------------------+------------+------+--------------+----------------------------------------------------------+---------------+--------------+
; Compilation Hierarchy Node            ; Combinational ALUTs ; Dedicated Logic Registers ; Block Memory Bits ; DSP Blocks ; Pins ; Virtual Pins ; Full Hierarchy Name                                      ; Entity Name   ; Library Name ;
+---------------------------------------+---------------------+---------------------------+-------------------+------------+------+--------------+----------------------------------------------------------+---------------+--------------+
; |wrapper                              ; 68 (34)             ; 37 (28)                   ; 0                 ; 0          ; 149  ; 0            ; |wrapper                                                 ; wrapper       ; work         ;
;    |SEG7_LUT:u0|                      ; 7 (7)               ; 0 (0)                     ; 0                 ; 0          ; 0    ; 0            ; |wrapper|SEG7_LUT:u0                                     ; SEG7_LUT      ; work         ;
;    |SEG7_LUT:u1|                      ; 7 (7)               ; 0 (0)                     ; 0                 ; 0          ; 0    ; 0            ; |wrapper|SEG7_LUT:u1                                     ; SEG7_LUT      ; work         ;
;    |req_gen:i_req_gen|                ; 20 (0)              ; 9 (0)                     ; 0                 ; 0          ; 0    ; 0            ; |wrapper|req_gen:i_req_gen                               ; req_gen       ; work         ;
;       |ptr_seq_gen:i_ptr_seq_gen|     ; 13 (13)             ; 5 (5)                     ; 0                 ; 0          ; 0    ; 0            ; |wrapper|req_gen:i_req_gen|ptr_seq_gen:i_ptr_seq_gen     ; ptr_seq_gen   ; work         ;
;       |start_req_gen:i_start_req_gen| ; 7 (7)               ; 4 (4)                     ; 0                 ; 0          ; 0    ; 0            ; |wrapper|req_gen:i_req_gen|start_req_gen:i_start_req_gen ; start_req_gen ; work         ;
+---------------------------------------+---------------------+---------------------------+-------------------+------------+------+--------------+----------------------------------------------------------+---------------+--------------+
Note: For table entries with two numbers listed, the numbers in parentheses indicate the number of resources of the given type used by the specific entity alone. The numbers listed outside of parentheses indicate the total resources of the given type used by the specific entity and all of its sub-entities in the hierarchy.


+------------------------------------------------------------+
; Registers Removed During Synthesis                         ;
+---------------------------------------+--------------------+
; Register name                         ; Reason for Removal ;
+---------------------------------------+--------------------+
; Cont[28..31]                          ; Lost fanout        ;
; Total Number of Removed Registers = 4 ;                    ;
+---------------------------------------+--------------------+


+------------------------------------------------------+
; General Register Statistics                          ;
+----------------------------------------------+-------+
; Statistic                                    ; Value ;
+----------------------------------------------+-------+
; Total registers                              ; 37    ;
; Number of registers using Synchronous Clear  ; 0     ;
; Number of registers using Synchronous Load   ; 0     ;
; Number of registers using Asynchronous Clear ; 33    ;
; Number of registers using Asynchronous Load  ; 0     ;
; Number of registers using Clock Enable       ; 0     ;
; Number of registers using Preset             ; 0     ;
+----------------------------------------------+-------+


+---------------------------------------------------------------------------------------------------------------------------------------------------------------------------+
; Multiplexer Restructuring Statistics (Restructuring Performed)                                                                                                            ;
+--------------------+-----------+---------------+----------------------+------------------------+------------+-------------------------------------------------------------+
; Multiplexer Inputs ; Bus Width ; Baseline Area ; Area if Restructured ; Saving if Restructured ; Registered ; Example Multiplexer Output                                  ;
+--------------------+-----------+---------------+----------------------+------------------------+------------+-------------------------------------------------------------+
; 3:1                ; 4 bits    ; 8 LEs         ; 8 LEs                ; 0 LEs                  ; No         ; |wrapper|req_gen:i_req_gen|ptr_seq_gen:i_ptr_seq_gen|cur[3] ;
+--------------------+-----------+---------------+----------------------+------------------------+------------+-------------------------------------------------------------+


+------------------------------------------------------------------------+
; Parameter Settings for User Entity Instance: clk_divider:i_clk_divider ;
+----------------+-------+-----------------------------------------------+
; Parameter Name ; Value ; Type                                          ;
+----------------+-------+-----------------------------------------------+
; w              ; 10    ; Signed Integer                                ;
+----------------+-------+-----------------------------------------------+
Note: In order to hide this table in the UI and the text report file, please set the "Show Parameter Settings in Synthesis Report" option in "Analysis and Synthesis Settings -> More Settings" to "Off".


+----------------------------------------------------------------------------------+
; Parameter Settings for User Entity Instance: strobe_generator:i_strobe_generator ;
+----------------+-------+---------------------------------------------------------+
; Parameter Name ; Value ; Type                                                    ;
+----------------+-------+---------------------------------------------------------+
; w              ; 24    ; Signed Integer                                          ;
+----------------+-------+---------------------------------------------------------+
Note: In order to hide this table in the UI and the text report file, please set the "Show Parameter Settings in Synthesis Report" option in "Analysis and Synthesis Settings -> More Settings" to "Off".


+--------------------------------------------------------------------------------------------------------------------------------------------------------------------------------------------------+
; Port Connectivity Checks: "SEG7_LUT:u5"                                                                                                                                                          ;
+------+--------+----------+-----------------------------------------------------------------------------------------------------------------------------------------------------------------------+
; Port ; Type   ; Severity ; Details                                                                                                                                                               ;
+------+--------+----------+-----------------------------------------------------------------------------------------------------------------------------------------------------------------------+
; oSEG ; Output ; Warning  ; Output or bidir port (7 bits) is smaller than the port expression (8 bits) it drives.  The 1 most-significant bit(s) in the port expression will be connected to GND. ;
+------+--------+----------+-----------------------------------------------------------------------------------------------------------------------------------------------------------------------+


+--------------------------------------------------------------------------------------------------------------------------------------------------------------------------------------------------+
; Port Connectivity Checks: "SEG7_LUT:u4"                                                                                                                                                          ;
+------+--------+----------+-----------------------------------------------------------------------------------------------------------------------------------------------------------------------+
; Port ; Type   ; Severity ; Details                                                                                                                                                               ;
+------+--------+----------+-----------------------------------------------------------------------------------------------------------------------------------------------------------------------+
; oSEG ; Output ; Warning  ; Output or bidir port (7 bits) is smaller than the port expression (8 bits) it drives.  The 1 most-significant bit(s) in the port expression will be connected to GND. ;
+------+--------+----------+-----------------------------------------------------------------------------------------------------------------------------------------------------------------------+


+--------------------------------------------------------------------------------------------------------------------------------------------------------------------------------------------------+
; Port Connectivity Checks: "SEG7_LUT:u3"                                                                                                                                                          ;
+------+--------+----------+-----------------------------------------------------------------------------------------------------------------------------------------------------------------------+
; Port ; Type   ; Severity ; Details                                                                                                                                                               ;
+------+--------+----------+-----------------------------------------------------------------------------------------------------------------------------------------------------------------------+
; oSEG ; Output ; Warning  ; Output or bidir port (7 bits) is smaller than the port expression (8 bits) it drives.  The 1 most-significant bit(s) in the port expression will be connected to GND. ;
+------+--------+----------+-----------------------------------------------------------------------------------------------------------------------------------------------------------------------+


+--------------------------------------------------------------------------------------------------------------------------------------------------------------------------------------------------+
; Port Connectivity Checks: "SEG7_LUT:u2"                                                                                                                                                          ;
+------+--------+----------+-----------------------------------------------------------------------------------------------------------------------------------------------------------------------+
; Port ; Type   ; Severity ; Details                                                                                                                                                               ;
+------+--------+----------+-----------------------------------------------------------------------------------------------------------------------------------------------------------------------+
; oSEG ; Output ; Warning  ; Output or bidir port (7 bits) is smaller than the port expression (8 bits) it drives.  The 1 most-significant bit(s) in the port expression will be connected to GND. ;
+------+--------+----------+-----------------------------------------------------------------------------------------------------------------------------------------------------------------------+


+--------------------------------------------------------------------------------------------------------------------------------------------------------------------------------------------------+
; Port Connectivity Checks: "SEG7_LUT:u1"                                                                                                                                                          ;
+------+--------+----------+-----------------------------------------------------------------------------------------------------------------------------------------------------------------------+
; Port ; Type   ; Severity ; Details                                                                                                                                                               ;
+------+--------+----------+-----------------------------------------------------------------------------------------------------------------------------------------------------------------------+
; oSEG ; Output ; Warning  ; Output or bidir port (7 bits) is smaller than the port expression (8 bits) it drives.  The 1 most-significant bit(s) in the port expression will be connected to GND. ;
+------+--------+----------+-----------------------------------------------------------------------------------------------------------------------------------------------------------------------+


+--------------------------------------------------------------------------------------------------------------------------------------------------------------------------------------------------+
; Port Connectivity Checks: "SEG7_LUT:u0"                                                                                                                                                          ;
+------+--------+----------+-----------------------------------------------------------------------------------------------------------------------------------------------------------------------+
; Port ; Type   ; Severity ; Details                                                                                                                                                               ;
+------+--------+----------+-----------------------------------------------------------------------------------------------------------------------------------------------------------------------+
; oSEG ; Output ; Warning  ; Output or bidir port (7 bits) is smaller than the port expression (8 bits) it drives.  The 1 most-significant bit(s) in the port expression will be connected to GND. ;
+------+--------+----------+-----------------------------------------------------------------------------------------------------------------------------------------------------------------------+


+------------------------------------------------------------------------------------------------------------------+
; Port Connectivity Checks: "strobe_generator:i_strobe_generator"                                                  ;
+--------+--------+----------+-------------------------------------------------------------------------------------+
; Port   ; Type   ; Severity ; Details                                                                             ;
+--------+--------+----------+-------------------------------------------------------------------------------------+
; strobe ; Output ; Info     ; Connected to dangling logic. Logic that only feeds a dangling port will be removed. ;
+--------+--------+----------+-------------------------------------------------------------------------------------+


+-----------------------------------------------------------------------------------------------------------------------+
; Port Connectivity Checks: "clk_divider:i_clk_divider"                                                                 ;
+-------------+--------+----------+-------------------------------------------------------------------------------------+
; Port        ; Type   ; Severity ; Details                                                                             ;
+-------------+--------+----------+-------------------------------------------------------------------------------------+
; divided_clk ; Output ; Info     ; Connected to dangling logic. Logic that only feeds a dangling port will be removed. ;
+-------------+--------+----------+-------------------------------------------------------------------------------------+


+-----------------------------------------------------+
; Post-Synthesis Netlist Statistics for Top Partition ;
+-----------------------+-----------------------------+
; Type                  ; Count                       ;
+-----------------------+-----------------------------+
; arriav_ff             ; 37                          ;
;     CLR               ; 33                          ;
;     plain             ; 4                           ;
; arriav_io_obuf        ; 72                          ;
; arriav_lcell_comb     ; 71                          ;
;     arith             ; 27                          ;
;         1 data inputs ; 26                          ;
;         2 data inputs ; 1                           ;
;     normal            ; 44                          ;
;         0 data inputs ; 1                           ;
;         1 data inputs ; 3                           ;
;         2 data inputs ; 7                           ;
;         3 data inputs ; 2                           ;
;         4 data inputs ; 26                          ;
;         5 data inputs ; 2                           ;
;         6 data inputs ; 3                           ;
; boundary_port         ; 149                         ;
;                       ;                             ;
; Max LUT depth         ; 3.60                        ;
; Average LUT depth     ; 1.72                        ;
+-----------------------+-----------------------------+


+-------------------------------+
; Elapsed Time Per Partition    ;
+----------------+--------------+
; Partition Name ; Elapsed Time ;
+----------------+--------------+
; Top            ; 00:00:00     ;
+----------------+--------------+


+-------------------------------+
; Analysis & Synthesis Messages ;
+-------------------------------+
Info: *******************************************************************
Info: Running Quartus Prime Analysis & Synthesis
    Info: Version 20.1.1 Build 720 11/11/2020 SJ Lite Edition
    Info: Processing started: Mon Sep 13 17:08:51 2021
Info: Command: quartus_map --read_settings_files=on --write_settings_files=off linked_list -c wrapper
Warning (18236): Number of processors has not been specified which may cause overloading on shared machines.  Set the global assignment NUM_PARALLEL_PROCESSORS in your QSF to an appropriate value for best performance.
Info (20030): Parallel compilation is enabled and will use 4 of the 4 processors detected
Warning (10229): Verilog HDL Expression warning at wrapper.v(66): truncated literal to match 9 bits File: E:/projects/circuits/demo/V/wrapper.v Line: 66
Warning (10275): Verilog HDL Module Instantiation warning at wrapper.v(109): ignored dangling comma in List of Port Connections File: E:/projects/circuits/demo/V/wrapper.v Line: 109
Info (12021): Found 1 design units, including 1 entities, in source file v/wrapper.v
    Info (12023): Found entity 1: wrapper File: E:/projects/circuits/demo/V/wrapper.v Line: 1
Info (12021): Found 1 design units, including 1 entities, in source file v/strobe_generator.v
    Info (12023): Found entity 1: strobe_generator File: E:/projects/circuits/demo/V/strobe_generator.v Line: 1
Info (12021): Found 1 design units, including 1 entities, in source file v/seg7_lut_6.v
    Info (12023): Found entity 1: SEG7_LUT_6 File: E:/projects/circuits/demo/V/SEG7_LUT_6.v Line: 1
Info (12021): Found 1 design units, including 1 entities, in source file v/seg7_lut.v
    Info (12023): Found entity 1: SEG7_LUT File: E:/projects/circuits/demo/V/SEG7_LUT.v Line: 1
Info (12021): Found 3 design units, including 3 entities, in source file v/design.sv
    Info (12023): Found entity 1: start_req_gen File: E:/projects/circuits/demo/V/design.sv Line: 8
    Info (12023): Found entity 2: ptr_seq_gen File: E:/projects/circuits/demo/V/design.sv Line: 45
    Info (12023): Found entity 3: req_gen File: E:/projects/circuits/demo/V/design.sv Line: 115
Info (12021): Found 1 design units, including 1 entities, in source file v/clk_divider.v
    Info (12023): Found entity 1: clk_divider File: E:/projects/circuits/demo/V/clk_divider.v Line: 1
Info (12127): Elaborating entity "wrapper" for the top level hierarchy
Warning (10036): Verilog HDL or VHDL warning at wrapper.v(104): object "unused" assigned a value but never read File: E:/projects/circuits/demo/V/wrapper.v Line: 104
Warning (10230): Verilog HDL assignment warning at wrapper.v(66): truncated value with size 10 to match size of target (9) File: E:/projects/circuits/demo/V/wrapper.v Line: 66
Info (12128): Elaborating entity "clk_divider" for hierarchy "clk_divider:i_clk_divider" File: E:/projects/circuits/demo/V/wrapper.v Line: 37
Info (12128): Elaborating entity "strobe_generator" for hierarchy "strobe_generator:i_strobe_generator" File: E:/projects/circuits/demo/V/wrapper.v Line: 48
Info (12128): Elaborating entity "req_gen" for hierarchy "req_gen:i_req_gen" File: E:/projects/circuits/demo/V/wrapper.v Line: 82
Info (12128): Elaborating entity "start_req_gen" for hierarchy "req_gen:i_req_gen|start_req_gen:i_start_req_gen" File: E:/projects/circuits/demo/V/design.sv Line: 126
Info (12128): Elaborating entity "ptr_seq_gen" for hierarchy "req_gen:i_req_gen|ptr_seq_gen:i_ptr_seq_gen" File: E:/projects/circuits/demo/V/design.sv Line: 127
Warning (10030): Net "next.data_a" at design.sv(66) has no driver or initial value, using a default initial value '0' File: E:/projects/circuits/demo/V/design.sv Line: 66
Warning (10030): Net "next.waddr_a" at design.sv(66) has no driver or initial value, using a default initial value '0' File: E:/projects/circuits/demo/V/design.sv Line: 66
Warning (10030): Net "next.we_a" at design.sv(66) has no driver or initial value, using a default initial value '0' File: E:/projects/circuits/demo/V/design.sv Line: 66
Info (12128): Elaborating entity "SEG7_LUT" for hierarchy "SEG7_LUT:u0" File: E:/projects/circuits/demo/V/wrapper.v Line: 109
Info (276014): Found 1 instances of uninferred RAM logic
    Info (276004): RAM logic "req_gen:i_req_gen|ptr_seq_gen:i_ptr_seq_gen|next" is uninferred due to inappropriate RAM size File: E:/projects/circuits/demo/V/design.sv Line: 66
Warning (12241): 6 hierarchies have connectivity warnings - see the Connectivity Checks report folder
Warning (13039): The following bidirectional pins have no drivers
    Warning (13040): bidirectional pin "GPIO_0[0]" has no driver File: E:/projects/circuits/demo/V/wrapper.v Line: 22
    Warning (13040): bidirectional pin "GPIO_0[1]" has no driver File: E:/projects/circuits/demo/V/wrapper.v Line: 22
    Warning (13040): bidirectional pin "GPIO_0[2]" has no driver File: E:/projects/circuits/demo/V/wrapper.v Line: 22
    Warning (13040): bidirectional pin "GPIO_0[3]" has no driver File: E:/projects/circuits/demo/V/wrapper.v Line: 22
    Warning (13040): bidirectional pin "GPIO_0[4]" has no driver File: E:/projects/circuits/demo/V/wrapper.v Line: 22
    Warning (13040): bidirectional pin "GPIO_0[5]" has no driver File: E:/projects/circuits/demo/V/wrapper.v Line: 22
    Warning (13040): bidirectional pin "GPIO_0[6]" has no driver File: E:/projects/circuits/demo/V/wrapper.v Line: 22
    Warning (13040): bidirectional pin "GPIO_0[7]" has no driver File: E:/projects/circuits/demo/V/wrapper.v Line: 22
    Warning (13040): bidirectional pin "GPIO_0[8]" has no driver File: E:/projects/circuits/demo/V/wrapper.v Line: 22
    Warning (13040): bidirectional pin "GPIO_0[9]" has no driver File: E:/projects/circuits/demo/V/wrapper.v Line: 22
    Warning (13040): bidirectional pin "GPIO_0[10]" has no driver File: E:/projects/circuits/demo/V/wrapper.v Line: 22
    Warning (13040): bidirectional pin "GPIO_0[11]" has no driver File: E:/projects/circuits/demo/V/wrapper.v Line: 22
    Warning (13040): bidirectional pin "GPIO_0[12]" has no driver File: E:/projects/circuits/demo/V/wrapper.v Line: 22
    Warning (13040): bidirectional pin "GPIO_0[13]" has no driver File: E:/projects/circuits/demo/V/wrapper.v Line: 22
    Warning (13040): bidirectional pin "GPIO_0[14]" has no driver File: E:/projects/circuits/demo/V/wrapper.v Line: 22
    Warning (13040): bidirectional pin "GPIO_0[15]" has no driver File: E:/projects/circuits/demo/V/wrapper.v Line: 22
    Warning (13040): bidirectional pin "GPIO_0[16]" has no driver File: E:/projects/circuits/demo/V/wrapper.v Line: 22
    Warning (13040): bidirectional pin "GPIO_0[17]" has no driver File: E:/projects/circuits/demo/V/wrapper.v Line: 22
    Warning (13040): bidirectional pin "GPIO_0[18]" has no driver File: E:/projects/circuits/demo/V/wrapper.v Line: 22
    Warning (13040): bidirectional pin "GPIO_0[19]" has no driver File: E:/projects/circuits/demo/V/wrapper.v Line: 22
    Warning (13040): bidirectional pin "GPIO_0[20]" has no driver File: E:/projects/circuits/demo/V/wrapper.v Line: 22
    Warning (13040): bidirectional pin "GPIO_0[21]" has no driver File: E:/projects/circuits/demo/V/wrapper.v Line: 22
    Warning (13040): bidirectional pin "GPIO_0[22]" has no driver File: E:/projects/circuits/demo/V/wrapper.v Line: 22
    Warning (13040): bidirectional pin "GPIO_0[23]" has no driver File: E:/projects/circuits/demo/V/wrapper.v Line: 22
    Warning (13040): bidirectional pin "GPIO_0[24]" has no driver File: E:/projects/circuits/demo/V/wrapper.v Line: 22
    Warning (13040): bidirectional pin "GPIO_0[25]" has no driver File: E:/projects/circuits/demo/V/wrapper.v Line: 22
    Warning (13040): bidirectional pin "GPIO_0[26]" has no driver File: E:/projects/circuits/demo/V/wrapper.v Line: 22
    Warning (13040): bidirectional pin "GPIO_0[27]" has no driver File: E:/projects/circuits/demo/V/wrapper.v Line: 22
    Warning (13040): bidirectional pin "GPIO_0[28]" has no driver File: E:/projects/circuits/demo/V/wrapper.v Line: 22
    Warning (13040): bidirectional pin "GPIO_0[29]" has no driver File: E:/projects/circuits/demo/V/wrapper.v Line: 22
    Warning (13040): bidirectional pin "GPIO_0[30]" has no driver File: E:/projects/circuits/demo/V/wrapper.v Line: 22
    Warning (13040): bidirectional pin "GPIO_0[31]" has no driver File: E:/projects/circuits/demo/V/wrapper.v Line: 22
    Warning (13040): bidirectional pin "GPIO_0[32]" has no driver File: E:/projects/circuits/demo/V/wrapper.v Line: 22
    Warning (13040): bidirectional pin "GPIO_0[33]" has no driver File: E:/projects/circuits/demo/V/wrapper.v Line: 22
    Warning (13040): bidirectional pin "GPIO_0[34]" has no driver File: E:/projects/circuits/demo/V/wrapper.v Line: 22
    Warning (13040): bidirectional pin "GPIO_0[35]" has no driver File: E:/projects/circuits/demo/V/wrapper.v Line: 22
    Warning (13040): bidirectional pin "GPIO_1[0]" has no driver File: E:/projects/circuits/demo/V/wrapper.v Line: 25
    Warning (13040): bidirectional pin "GPIO_1[1]" has no driver File: E:/projects/circuits/demo/V/wrapper.v Line: 25
    Warning (13040): bidirectional pin "GPIO_1[2]" has no driver File: E:/projects/circuits/demo/V/wrapper.v Line: 25
    Warning (13040): bidirectional pin "GPIO_1[3]" has no driver File: E:/projects/circuits/demo/V/wrapper.v Line: 25
    Warning (13040): bidirectional pin "GPIO_1[4]" has no driver File: E:/projects/circuits/demo/V/wrapper.v Line: 25
    Warning (13040): bidirectional pin "GPIO_1[5]" has no driver File: E:/projects/circuits/demo/V/wrapper.v Line: 25
    Warning (13040): bidirectional pin "GPIO_1[6]" has no driver File: E:/projects/circuits/demo/V/wrapper.v Line: 25
    Warning (13040): bidirectional pin "GPIO_1[7]" has no driver File: E:/projects/circuits/demo/V/wrapper.v Line: 25
    Warning (13040): bidirectional pin "GPIO_1[8]" has no driver File: E:/projects/circuits/demo/V/wrapper.v Line: 25
    Warning (13040): bidirectional pin "GPIO_1[9]" has no driver File: E:/projects/circuits/demo/V/wrapper.v Line: 25
    Warning (13040): bidirectional pin "GPIO_1[10]" has no driver File: E:/projects/circuits/demo/V/wrapper.v Line: 25
    Warning (13040): bidirectional pin "GPIO_1[11]" has no driver File: E:/projects/circuits/demo/V/wrapper.v Line: 25
    Warning (13040): bidirectional pin "GPIO_1[12]" has no driver File: E:/projects/circuits/demo/V/wrapper.v Line: 25
    Warning (13040): bidirectional pin "GPIO_1[13]" has no driver File: E:/projects/circuits/demo/V/wrapper.v Line: 25
    Warning (13040): bidirectional pin "GPIO_1[14]" has no driver File: E:/projects/circuits/demo/V/wrapper.v Line: 25
    Warning (13040): bidirectional pin "GPIO_1[15]" has no driver File: E:/projects/circuits/demo/V/wrapper.v Line: 25
    Warning (13040): bidirectional pin "GPIO_1[16]" has no driver File: E:/projects/circuits/demo/V/wrapper.v Line: 25
    Warning (13040): bidirectional pin "GPIO_1[17]" has no driver File: E:/projects/circuits/demo/V/wrapper.v Line: 25
    Warning (13040): bidirectional pin "GPIO_1[18]" has no driver File: E:/projects/circuits/demo/V/wrapper.v Line: 25
    Warning (13040): bidirectional pin "GPIO_1[19]" has no driver File: E:/projects/circuits/demo/V/wrapper.v Line: 25
    Warning (13040): bidirectional pin "GPIO_1[20]" has no driver File: E:/projects/circuits/demo/V/wrapper.v Line: 25
    Warning (13040): bidirectional pin "GPIO_1[21]" has no driver File: E:/projects/circuits/demo/V/wrapper.v Line: 25
    Warning (13040): bidirectional pin "GPIO_1[22]" has no driver File: E:/projects/circuits/demo/V/wrapper.v Line: 25
    Warning (13040): bidirectional pin "GPIO_1[23]" has no driver File: E:/projects/circuits/demo/V/wrapper.v Line: 25
    Warning (13040): bidirectional pin "GPIO_1[24]" has no driver File: E:/projects/circuits/demo/V/wrapper.v Line: 25
    Warning (13040): bidirectional pin "GPIO_1[25]" has no driver File: E:/projects/circuits/demo/V/wrapper.v Line: 25
    Warning (13040): bidirectional pin "GPIO_1[26]" has no driver File: E:/projects/circuits/demo/V/wrapper.v Line: 25
    Warning (13040): bidirectional pin "GPIO_1[27]" has no driver File: E:/projects/circuits/demo/V/wrapper.v Line: 25
    Warning (13040): bidirectional pin "GPIO_1[28]" has no driver File: E:/projects/circuits/demo/V/wrapper.v Line: 25
    Warning (13040): bidirectional pin "GPIO_1[29]" has no driver File: E:/projects/circuits/demo/V/wrapper.v Line: 25
    Warning (13040): bidirectional pin "GPIO_1[30]" has no driver File: E:/projects/circuits/demo/V/wrapper.v Line: 25
    Warning (13040): bidirectional pin "GPIO_1[31]" has no driver File: E:/projects/circuits/demo/V/wrapper.v Line: 25
    Warning (13040): bidirectional pin "GPIO_1[32]" has no driver File: E:/projects/circuits/demo/V/wrapper.v Line: 25
    Warning (13040): bidirectional pin "GPIO_1[33]" has no driver File: E:/projects/circuits/demo/V/wrapper.v Line: 25
    Warning (13040): bidirectional pin "GPIO_1[34]" has no driver File: E:/projects/circuits/demo/V/wrapper.v Line: 25
    Warning (13040): bidirectional pin "GPIO_1[35]" has no driver File: E:/projects/circuits/demo/V/wrapper.v Line: 25
Warning (13024): Output pins are stuck at VCC or GND
    Warning (13410): Pin "HEX0[7]" is stuck at GND File: E:/projects/circuits/demo/V/wrapper.v Line: 15
    Warning (13410): Pin "HEX1[7]" is stuck at GND File: E:/projects/circuits/demo/V/wrapper.v Line: 16
    Warning (13410): Pin "HEX2[7]" is stuck at GND File: E:/projects/circuits/demo/V/wrapper.v Line: 17
    Warning (13410): Pin "HEX3[7]" is stuck at GND File: E:/projects/circuits/demo/V/wrapper.v Line: 18
    Warning (13410): Pin "HEX4[7]" is stuck at GND File: E:/projects/circuits/demo/V/wrapper.v Line: 19
    Warning (13410): Pin "HEX5[7]" is stuck at GND File: E:/projects/circuits/demo/V/wrapper.v Line: 20
Info (286030): Timing-Driven Synthesis is running
Info (17049): 4 registers lost all their fanouts during netlist optimizations.
Info (16010): Generating hard_block partition "hard_block:auto_generated_inst"
    Info (16011): Adding 0 node(s), including 0 DDIO, 0 PLL, 0 transceiver and 0 LCELL
Warning (21074): Design contains 17 input pin(s) that do not drive logic
    Warning (15610): No output dependent on input pin "CLOCK2_50" File: E:/projects/circuits/demo/V/wrapper.v Line: 4
    Warning (15610): No output dependent on input pin "CLOCK3_50" File: E:/projects/circuits/demo/V/wrapper.v Line: 5
    Warning (15610): No output dependent on input pin "CLOCK4_50" File: E:/projects/circuits/demo/V/wrapper.v Line: 6
    Warning (15610): No output dependent on input pin "KEY[0]" File: E:/projects/circuits/demo/V/wrapper.v Line: 10
    Warning (15610): No output dependent on input pin "KEY[1]" File: E:/projects/circuits/demo/V/wrapper.v Line: 10
    Warning (15610): No output dependent on input pin "KEY[2]" File: E:/projects/circuits/demo/V/wrapper.v Line: 10
    Warning (15610): No output dependent on input pin "KEY[3]" File: E:/projects/circuits/demo/V/wrapper.v Line: 10
    Warning (15610): No output dependent on input pin "SW[0]" File: E:/projects/circuits/demo/V/wrapper.v Line: 11
    Warning (15610): No output dependent on input pin "SW[1]" File: E:/projects/circuits/demo/V/wrapper.v Line: 11
    Warning (15610): No output dependent on input pin "SW[2]" File: E:/projects/circuits/demo/V/wrapper.v Line: 11
    Warning (15610): No output dependent on input pin "SW[3]" File: E:/projects/circuits/demo/V/wrapper.v Line: 11
    Warning (15610): No output dependent on input pin "SW[4]" File: E:/projects/circuits/demo/V/wrapper.v Line: 11
    Warning (15610): No output dependent on input pin "SW[5]" File: E:/projects/circuits/demo/V/wrapper.v Line: 11
    Warning (15610): No output dependent on input pin "SW[6]" File: E:/projects/circuits/demo/V/wrapper.v Line: 11
    Warning (15610): No output dependent on input pin "SW[7]" File: E:/projects/circuits/demo/V/wrapper.v Line: 11
    Warning (15610): No output dependent on input pin "SW[8]" File: E:/projects/circuits/demo/V/wrapper.v Line: 11
    Warning (15610): No output dependent on input pin "SW[9]" File: E:/projects/circuits/demo/V/wrapper.v Line: 11
Info (21057): Implemented 217 device resources after synthesis - the final resource count might be different
    Info (21058): Implemented 19 input pins
    Info (21059): Implemented 58 output pins
    Info (21060): Implemented 72 bidirectional pins
    Info (21061): Implemented 68 logic cells
Info: Quartus Prime Analysis & Synthesis was successful. 0 errors, 107 warnings
    Info: Peak virtual memory: 4820 megabytes
    Info: Processing ended: Mon Sep 13 17:09:03 2021
    Info: Elapsed time: 00:00:12
    Info: Total CPU time (on all processors): 00:00:29


